#
# There is insufficient memory for the Java Runtime Environment to continue.
# Native memory allocation (malloc) failed to allocate 832848 bytes for Chunk::new
# Possible reasons:
#   The system is out of physical RAM or swap space
#   The process is running with CompressedOops enabled, and the Java Heap may be blocking the growth of the native heap
# Possible solutions:
#   Reduce memory load on the system
#   Increase physical memory or swap space
#   Check if swap backing store is full
#   Decrease Java heap size (-Xmx/-Xms)
#   Decrease number of Java threads
#   Decrease Java thread stack sizes (-Xss)
#   Set larger code cache with -XX:ReservedCodeCacheSize=
#   JVM is running with Unscaled Compressed Oops mode in which the Java heap is
#     placed in the first 4GB address space. The Java Heap base address is the
#     maximum limit for the native heap growth. Please use -XX:HeapBaseMinAddress
#     to set the Java Heap base and to place the Java Heap above 4GB virtual address.
# This output file may be truncated or incomplete.
#
#  Out of Memory Error (arena.cpp:184), pid=7320, tid=2644
#
# JRE version: Java(TM) SE Runtime Environment (18.0.2.1+1) (build 18.0.2.1+1-1)
# Java VM: Java HotSpot(TM) 64-Bit Server VM (18.0.2.1+1-1, mixed mode, sharing, tiered, compressed oops, compressed class ptrs, g1 gc, windows-amd64)
# No core dump will be written. Minidumps are not enabled by default on client versions of Windows
#

---------------  S U M M A R Y ------------

Command Line: -Dapplication.home=C:\Program Files\Java\jdk-18.0.2.1 --add-modules=ALL-DEFAULT -Xms8m -Djdk.module.main=jdk.compiler jdk.compiler/com.sun.tools.javac.Main -d C:\Users\fellr\OneDrive\Documentos\Projeto git\ProjetoEducacional\Aplicativo Educacional 0.1\build\classes -classpath C:\Users\fellr\OneDrive\Documentos\Projeto git\ProjetoEducacional\Aplicativo Educacional 0.1\build\classes;C:\Users\fellr\Downloads\mysql-connector-j-8.0.31.jar -sourcepath C:\Users\fellr\OneDrive\Documentos\Projeto git\ProjetoEducacional\Aplicativo Educacional 0.1\build\empty -target 17 -encoding UTF-8 -g -processorpath C:\Users\fellr\Downloads\mysql-connector-j-8.0.31.jar;C:\Users\fellr\OneDrive\Documentos\Projeto git\ProjetoEducacional\Aplicativo Educacional 0.1\build\empty -s C:\Users\fellr\OneDrive\Documentos\Projeto git\ProjetoEducacional\Aplicativo Educacional 0.1\build\generated-sources\ap-source-output -source 17 C:\Users\fellr\OneDrive\Documentos\Projeto git\ProjetoEducacional\Aplicativo Educacional 0.1\src\banco\AcessoBDAluno.java C:\Users\fellr\OneDrive\Documentos\Projeto git\ProjetoEducacional\Aplicativo Educacional 0.1\src\banco\AcessoBDProfessor.java C:\Users\fellr\OneDrive\Documentos\Projeto git\ProjetoEducacional\Aplicativo Educacional 0.1\src\banco\Conexao.java C:\Users\fellr\OneDrive\Documentos\Projeto git\ProjetoEducacional\Aplicativo Educacional 0.1\src\banco\PessoaBD.java C:\Users\fellr\OneDrive\Documentos\Projeto git\ProjetoEducacional\Aplicativo Educacional 0.1\src\dados\LoginAluno.java C:\Users\fellr\OneDrive\Documentos\Projeto git\ProjetoEducacional\Aplicativo Educacional 0.1\src\dados\LoginProf.java C:\Users\fellr\OneDrive\Documentos\Projeto git\ProjetoEducacional\Aplicativo Educacional 0.1\src\dados\Pessoa.java C:\Users\fellr\OneDrive\Documentos\Projeto git\ProjetoEducacional\Aplicativo Educacional 0.1\src\jogos\PtCinco.java C:\Users\fellr\OneDrive\Documentos\Projeto git\ProjetoEducacional\Aplicativo Educacional 0.1\src\jogos\PtDez.java C:\Users\fellr\OneDrive\Documentos\Projeto git\ProjetoEducacional\Aplicativo Educacional 0.1\src\jogos\PtDois.java C:\Users\fellr\OneDrive\Documentos\Projeto git\ProjetoEducacional\Aplicativo Educacional 0.1\src\jogos\PtNove.java C:\Users\fellr\OneDrive\Documentos\Projeto git\ProjetoEducacional\Aplicativo Educacional 0.1\src\jogos\PtOito.java C:\Users\fellr\OneDrive\Documentos\Projeto git\ProjetoEducacional\Aplicativo Educacional 0.1\src\jogos\PtQuatro.java C:\Users\fellr\OneDrive\Documentos\Projeto git\ProjetoEducacional\Aplicativo Educacional 0.1\src\jogos\PtSeis.java C:\Users\fellr\OneDrive\Documentos\Projeto git\ProjetoEducacional\Aplicativo Educacional 0.1\src\jogos\PtSete.java C:\Users\fellr\OneDrive\Documentos\Projeto git\ProjetoEducacional\Aplicativo Educacional 0.1\src\jogos\PtTres.java C:\Users\fellr\OneDrive\Documentos\Projeto git\ProjetoEducacional\Aplicativo Educacional 0.1\src\jogos\PtUm.java C:\Users\fellr\OneDrive\Documentos\Projeto git\ProjetoEducacional\Aplicativo Educacional 0.1\src\telas\Inicio.java C:\Users\fellr\OneDrive\Documentos\Projeto git\ProjetoEducacional\Aplicativo Educacional 0.1\src\telas\cadastroAluno.java C:\Users\fellr\OneDrive\Documentos\Projeto git\ProjetoEducacional\Aplicativo Educacional 0.1\src\telas\cadastroProfessor.java C:\Users\fellr\OneDrive\Documentos\Projeto git\ProjetoEducacional\Aplicativo Educacional 0.1\src\telas\loginAluno.java C:\Users\fellr\OneDrive\Documentos\Projeto git\ProjetoEducacional\Aplicativo Educacional 0.1\src\telas\loginProfessor.java C:\Users\fellr\OneDrive\Documentos\Projeto git\ProjetoEducacional\Aplicativo Educacional 0.1\src\telas\menuPrincipal.java C:\Users\fellr\OneDrive\Documentos\Projeto git\ProjetoEducacional\Aplicativo Educacional 0.1\src\telas\telaAluno.java C:\Users\fellr\OneDrive\Documentos\Projeto git\ProjetoEducacional\Aplicativo Educacional 0.1\src\telas\telaProfessor.java

Host: AMD Ryzen 5 3500U with Radeon Vega Mobile Gfx  , 8 cores, 5G,  Windows 11 , 64 bit Build 22621 (10.0.22621.1485)
Time: Sat May 27 18:17:44 2023 Hora oficial do Brasil elapsed time: 0.952268 seconds (0d 0h 0m 0s)

---------------  T H R E A D  ---------------

Current thread (0x00000240b890d300):  JavaThread "C2 CompilerThread0" daemon [_thread_in_native, id=2644, stack(0x000000fa09600000,0x000000fa09700000)]


Current CompileTask:
C2:    952  747       4       com.sun.tools.javac.parser.JavaTokenizer::scanIdent (639 bytes)

Stack: [0x000000fa09600000,0x000000fa09700000]
Native frames: (J=compiled Java code, j=interpreted, Vv=VM code, C=native code)
V  [jvm.dll+0x6993aa]
V  [jvm.dll+0x7f46dd]
V  [jvm.dll+0x7f5fee]
V  [jvm.dll+0x7f66a3]
V  [jvm.dll+0x25cf1f]
V  [jvm.dll+0xb8c2f]
V  [jvm.dll+0xb8fa5]
V  [jvm.dll+0x3860cb]
V  [jvm.dll+0x34fe71]
V  [jvm.dll+0x34f30a]
V  [jvm.dll+0x230101]
V  [jvm.dll+0x22f4d1]
V  [jvm.dll+0x1ba01c]
V  [jvm.dll+0x23ee0a]
V  [jvm.dll+0x23d0f5]
V  [jvm.dll+0x7a6dd1]
V  [jvm.dll+0x7a120a]
V  [jvm.dll+0x698255]
C  [ucrtbase.dll+0x29363]
C  [KERNEL32.DLL+0x1269d]
C  [ntdll.dll+0x5a9f8]


---------------  P R O C E S S  ---------------

Threads class SMR info:
_java_thread_list=0x00000240bd21a770, length=14, elements={
0x0000024099ac7fb0, 0x0000024099b77830, 0x00000240b88f5340, 0x00000240b8904cf0,
0x00000240b89055a0, 0x00000240b8905e50, 0x00000240b8908710, 0x00000240b890d300,
0x00000240b89209a0, 0x00000240b8949a70, 0x00000240bcc6a710, 0x00000240bccd3480,
0x00000240bd37a820, 0x00000240bd850050
}

Java Threads: ( => current thread )
  0x0000024099ac7fb0 JavaThread "main" [_thread_in_Java, id=9304, stack(0x000000fa08900000,0x000000fa08a00000)]
  0x0000024099b77830 JavaThread "Reference Handler" daemon [_thread_blocked, id=6016, stack(0x000000fa09000000,0x000000fa09100000)]
  0x00000240b88f5340 JavaThread "Finalizer" daemon [_thread_blocked, id=9300, stack(0x000000fa09100000,0x000000fa09200000)]
  0x00000240b8904cf0 JavaThread "Signal Dispatcher" daemon [_thread_blocked, id=3624, stack(0x000000fa09200000,0x000000fa09300000)]
  0x00000240b89055a0 JavaThread "Attach Listener" daemon [_thread_blocked, id=6944, stack(0x000000fa09300000,0x000000fa09400000)]
  0x00000240b8905e50 JavaThread "Service Thread" daemon [_thread_blocked, id=6380, stack(0x000000fa09400000,0x000000fa09500000)]
  0x00000240b8908710 JavaThread "Monitor Deflation Thread" daemon [_thread_blocked, id=9700, stack(0x000000fa09500000,0x000000fa09600000)]
=>0x00000240b890d300 JavaThread "C2 CompilerThread0" daemon [_thread_in_native, id=2644, stack(0x000000fa09600000,0x000000fa09700000)]
  0x00000240b89209a0 JavaThread "C1 CompilerThread0" daemon [_thread_in_native, id=3368, stack(0x000000fa09700000,0x000000fa09800000)]
  0x00000240b8949a70 JavaThread "Sweeper thread" daemon [_thread_blocked, id=4032, stack(0x000000fa09800000,0x000000fa09900000)]
  0x00000240bcc6a710 JavaThread "Common-Cleaner" daemon [_thread_blocked, id=9208, stack(0x000000fa09900000,0x000000fa09a00000)]
  0x00000240bccd3480 JavaThread "Notification Thread" daemon [_thread_blocked, id=10300, stack(0x000000fa09a00000,0x000000fa09b00000)]
  0x00000240bd37a820 JavaThread "C2 CompilerThread1" daemon [_thread_in_native, id=11800, stack(0x000000fa0a300000,0x000000fa0a400000)]
  0x00000240bd850050 JavaThread "C2 CompilerThread2" daemon [_thread_in_native, id=14308, stack(0x000000fa0a400000,0x000000fa0a500000)]

Other Threads:
  0x0000024099b40c70 VMThread "VM Thread" [stack: 0x000000fa08f00000,0x000000fa09000000] [id=8636]
  0x00000240bcd02b60 WatcherThread "VM Periodic Task Thread" [stack: 0x000000fa09b00000,0x000000fa09c00000] [id=12964]
  0x0000024099b19560 WorkerThread "GC Thread#0" [stack: 0x000000fa08a00000,0x000000fa08b00000] [id=10120]
  0x00000240bce0f3c0 WorkerThread "GC Thread#1" [stack: 0x000000fa09c00000,0x000000fa09d00000] [id=3520]
  0x00000240bcec4cb0 WorkerThread "GC Thread#2" [stack: 0x000000fa09d00000,0x000000fa09e00000] [id=5728]
  0x00000240bcec4f50 WorkerThread "GC Thread#3" [stack: 0x000000fa09e00000,0x000000fa09f00000] [id=14780]
  0x00000240bcec51f0 WorkerThread "GC Thread#4" [stack: 0x000000fa09f00000,0x000000fa0a000000] [id=14424]
  0x00000240bcec5ca0 WorkerThread "GC Thread#5" [stack: 0x000000fa0a000000,0x000000fa0a100000] [id=12220]
  0x00000240bd0795c0 WorkerThread "GC Thread#6" [stack: 0x000000fa0a100000,0x000000fa0a200000] [id=8256]
  0x00000240bce3cf30 WorkerThread "GC Thread#7" [stack: 0x000000fa0a200000,0x000000fa0a300000] [id=11484]
  0x0000024099b260e0 ConcurrentGCThread "G1 Main Marker" [stack: 0x000000fa08b00000,0x000000fa08c00000] [id=9284]
  0x0000024099b26a40 WorkerThread "G1 Conc#0" [stack: 0x000000fa08c00000,0x000000fa08d00000] [id=1244]
  0x0000024099b506e0 ConcurrentGCThread "G1 Refine#0" [stack: 0x000000fa08d00000,0x000000fa08e00000] [id=7752]
  0x0000024099b50da0 ConcurrentGCThread "G1 Service" [stack: 0x000000fa08e00000,0x000000fa08f00000] [id=9392]

Threads with active compile tasks:
C2 CompilerThread0     1007  747       4       com.sun.tools.javac.parser.JavaTokenizer::scanIdent (639 bytes)
C1 CompilerThread0     1008  966       3       com.sun.tools.javac.jvm.PoolReader::resolve (344 bytes)
C2 CompilerThread1     1008  756   !   4       com.sun.tools.javac.parser.JavaTokenizer::readToken (1731 bytes)
C2 CompilerThread2     1008  873       4       java.lang.StringBuilder::append (8 bytes)

VM state: not at safepoint (normal execution)

VM Mutex/Monitor currently owned by a thread: None

Heap address: 0x00000000a0e00000, size: 1522 MB, Compressed Oops mode: 32-bit

CDS archive(s) mapped at: [0x0000000800000000-0x0000000800ba0000-0x0000000800ba0000), size 12189696, SharedBaseAddress: 0x0000000800000000, ArchiveRelocationMode: 0.
Compressed class space mapped at: 0x0000000800c00000-0x0000000840c00000, reserved size: 1073741824
Narrow klass base: 0x0000000800000000, Narrow klass shift: 0, Narrow klass range: 0x100000000

GC Precious Log:
 CardTable entry size: 512
 Card Set container configuration: InlinePtr #cards 5 size 8 Array Of Cards #cards 12 size 40 Howl #buckets 4 coarsen threshold 1843 Howl Bitmap #cards 512 size 80 coarsen threshold 460 Card regions per heap region 1 cards per card region 2048
 CPUs: 8 total, 8 available
 Memory: 6081M
 Large Page Support: Disabled
 NUMA Support: Disabled
 Compressed Oops: Enabled (32-bit)
 Heap Region Size: 1M
 Heap Min Capacity: 8M
 Heap Initial Capacity: 8M
 Heap Max Capacity: 1522M
 Pre-touch: Disabled
 Parallel Workers: 8
 Concurrent Workers: 2
 Concurrent Refinement Workers: 8
 Periodic GC: Disabled

Heap:
 garbage-first heap   total 10240K, used 3839K [0x00000000a0e00000, 0x0000000100000000)
  region size 1024K, 2 young (2048K), 1 survivors (1024K)
 Metaspace       used 8145K, committed 8384K, reserved 1114112K
  class space    used 906K, committed 1024K, reserved 1048576K

Heap Regions: E=young(eden), S=young(survivor), O=old, HS=humongous(starts), HC=humongous(continues), CS=collection set, F=free, OA=open archive, CA=closed archive, TAMS=top-at-mark-start (previous, next)
|   0|0x00000000a0e00000, 0x00000000a0f00000, 0x00000000a0f00000|100%| O|  |TAMS 0x00000000a0e00000, 0x00000000a0e00000| Untracked 
|   1|0x00000000a0f00000, 0x00000000a1000000, 0x00000000a1000000|100%| O|  |TAMS 0x00000000a0f00000, 0x00000000a0f00000| Untracked 
|   2|0x00000000a1000000, 0x00000000a10e8c00, 0x00000000a1100000| 90%| O|  |TAMS 0x00000000a1000000, 0x00000000a1000000| Untracked 
|   3|0x00000000a1100000, 0x00000000a1100000, 0x00000000a1200000|  0%| F|  |TAMS 0x00000000a1100000, 0x00000000a1100000| Untracked 
|   4|0x00000000a1200000, 0x00000000a1200000, 0x00000000a1300000|  0%| F|  |TAMS 0x00000000a1200000, 0x00000000a1200000| Untracked 
|   5|0x00000000a1300000, 0x00000000a1300000, 0x00000000a1400000|  0%| F|  |TAMS 0x00000000a1300000, 0x00000000a1300000| Untracked 
|   6|0x00000000a1400000, 0x00000000a14d7238, 0x00000000a1500000| 84%| S|CS|TAMS 0x00000000a1400000, 0x00000000a1400000| Complete 
|   7|0x00000000a1500000, 0x00000000a1500000, 0x00000000a1600000|  0%| F|  |TAMS 0x00000000a1500000, 0x00000000a1500000| Untracked 
|   8|0x00000000a1600000, 0x00000000a1600000, 0x00000000a1700000|  0%| F|  |TAMS 0x00000000a1600000, 0x00000000a1600000| Untracked 
|   9|0x00000000a1700000, 0x00000000a17a4330, 0x00000000a1800000| 64%| E|  |TAMS 0x00000000a1700000, 0x00000000a1700000| Complete 

Card table byte_map: [0x00000240b2940000,0x00000240b2c40000] _byte_map_base: 0x00000240b2439000

Marking Bits (Prev, Next): (CMBitMap*) 0x0000024099b19970, (CMBitMap*) 0x0000024099b199b0
 Prev Bits: [0x00000240b2f40000, 0x00000240b4708000)
 Next Bits: [0x00000240b4710000, 0x00000240b5ed8000)

Polling page: 0x00000240a2ba0000

Metaspace:

Usage:
  Non-class:      7.07 MB used.
      Class:    906.74 KB used.
       Both:      7.96 MB used.

Virtual space:
  Non-class space:       64.00 MB reserved,       7.19 MB ( 11%) committed,  1 nodes.
      Class space:        1.00 GB reserved,       1.00 MB ( <1%) committed,  1 nodes.
             Both:        1.06 GB reserved,       8.19 MB ( <1%) committed. 

Chunk freelists:
   Non-Class:  2.34 MB
       Class:  2.97 MB
        Both:  5.32 MB

MaxMetaspaceSize: unlimited
CompressedClassSpaceSize: 1.00 GB
Initial GC threshold: 21.00 MB
Current GC threshold: 21.00 MB
CDS: on
MetaspaceReclaimPolicy: balanced
 - commit_granule_bytes: 65536.
 - commit_granule_words: 8192.
 - virtual_space_node_default_size: 8388608.
 - enlarge_chunks_in_place: 1.
 - new_chunks_are_fully_committed: 0.
 - uncommit_free_chunks: 1.
 - use_allocation_guard: 0.


Internal statistics:

num_allocs_failed_limit: 0.
num_arena_births: 58.
num_arena_deaths: 0.
num_vsnodes_births: 2.
num_vsnodes_deaths: 0.
num_space_committed: 131.
num_space_uncommitted: 0.
num_chunks_returned_to_freelist: 0.
num_chunks_taken_from_freelist: 318.
num_chunk_merges: 0.
num_chunk_splits: 235.
num_chunks_enlarged: 197.
num_inconsistent_stats: 0.

CodeHeap 'non-profiled nmethods': size=120000Kb used=287Kb max_used=287Kb free=119712Kb
 bounds [0x00000240aa690000, 0x00000240aa900000, 0x00000240b1bc0000]
CodeHeap 'profiled nmethods': size=120000Kb used=1846Kb max_used=1846Kb free=118153Kb
 bounds [0x00000240a3160000, 0x00000240a33d0000, 0x00000240aa690000]
CodeHeap 'non-nmethods': size=5760Kb used=1141Kb max_used=1168Kb free=4618Kb
 bounds [0x00000240a2bc0000, 0x00000240a2e30000, 0x00000240a3160000]
 total_blobs=1365 nmethods=950 adapters=328
 compilation: enabled
              stopped_count=0, restarted_count=0
 full_count=0

Compilation events (20 events):
Event: 0.931 Thread 0x00000240bd850050 nmethod 807 0x00000240aa6cfb90 code [0x00000240aa6cfd60, 0x00000240aa6d0128]
Event: 0.931 Thread 0x00000240bd850050  854       4       com.sun.tools.javac.parser.UnicodeReader::skipWhitespace (17 bytes)
Event: 0.935 Thread 0x00000240b89209a0 nmethod 851% 0x00000240a32ebd90 code [0x00000240a32ec580, 0x00000240a32f1358]
Event: 0.935 Thread 0x00000240b89209a0  853       3       com.sun.tools.javac.parser.JavaTokenizer::scanString (200 bytes)
Event: 0.939 Thread 0x00000240b89209a0 nmethod 853 0x00000240a32f2a90 code [0x00000240a32f2f60, 0x00000240a32f6fa8]
Event: 0.939 Thread 0x00000240b89209a0  856       3       sun.invoke.util.BytecodeDescriptor::unparseSig (49 bytes)
Event: 0.940 Thread 0x00000240b89209a0 nmethod 856 0x00000240a32f7a90 code [0x00000240a32f7cc0, 0x00000240a32f81e8]
Event: 0.940 Thread 0x00000240b89209a0  857       1       com.sun.tools.javac.util.DiagnosticSource::getFile (5 bytes)
Event: 0.940 Thread 0x00000240b89209a0 nmethod 857 0x00000240aa6d0490 code [0x00000240aa6d0620, 0x00000240aa6d06f8]
Event: 0.940 Thread 0x00000240b89209a0  845       3       com.sun.tools.javac.parser.Tokens::lookupKind (26 bytes)
Event: 0.940 Thread 0x00000240b89209a0 nmethod 845 0x00000240a32f8410 code [0x00000240a32f85c0, 0x00000240a32f8908]
Event: 0.940 Thread 0x00000240b89209a0  859       3       java.util.AbstractList::<init> (10 bytes)
Event: 0.941 Thread 0x00000240b89209a0 nmethod 859 0x00000240a32f8a10 code [0x00000240a32f8bc0, 0x00000240a32f8d98]
Event: 0.941 Thread 0x00000240b89209a0  855       3       java.lang.invoke.MethodType::insertParameterTypes (121 bytes)
Event: 0.942 Thread 0x00000240b89209a0 nmethod 855 0x00000240a32f8e90 code [0x00000240a32f9160, 0x00000240a32f9f48]
Event: 0.942 Thread 0x00000240b89209a0  862       3       jdk.internal.org.objectweb.asm.SymbolTable::addConstantNameAndType (137 bytes)
Event: 0.943 Thread 0x00000240b89209a0 nmethod 862 0x00000240a32fa490 code [0x00000240a32fa6e0, 0x00000240a32fae08]
Event: 0.943 Thread 0x00000240b89209a0  858       1       jdk.internal.jimage.ImageLocation::getStrings (5 bytes)
Event: 0.944 Thread 0x00000240b89209a0 nmethod 858 0x00000240aa6d0790 code [0x00000240aa6d0920, 0x00000240aa6d09f8]
Event: 0.944 Thread 0x00000240b89209a0  860       3       sun.invoke.util.Wrapper::forPrimitiveType (49 bytes)

GC Heap History (12 events):
Event: 0.357 GC heap before
{Heap before GC invocations=0 (full 0):
 garbage-first heap   total 8192K, used 3072K [0x00000000a0e00000, 0x0000000100000000)
  region size 1024K, 3 young (3072K), 0 survivors (0K)
 Metaspace       used 2450K, committed 2560K, reserved 1114112K
  class space    used 271K, committed 320K, reserved 1048576K
}
Event: 0.364 GC heap after
{Heap after GC invocations=1 (full 0):
 garbage-first heap   total 8192K, used 1320K [0x00000000a0e00000, 0x0000000100000000)
  region size 1024K, 1 young (1024K), 1 survivors (1024K)
 Metaspace       used 2450K, committed 2560K, reserved 1114112K
  class space    used 271K, committed 320K, reserved 1048576K
}
Event: 0.475 GC heap before
{Heap before GC invocations=1 (full 0):
 garbage-first heap   total 8192K, used 2344K [0x00000000a0e00000, 0x0000000100000000)
  region size 1024K, 2 young (2048K), 1 survivors (1024K)
 Metaspace       used 4111K, committed 4288K, reserved 1114112K
  class space    used 503K, committed 576K, reserved 1048576K
}
Event: 0.479 GC heap after
{Heap after GC invocations=2 (full 0):
 garbage-first heap   total 8192K, used 2005K [0x00000000a0e00000, 0x0000000100000000)
  region size 1024K, 1 young (1024K), 1 survivors (1024K)
 Metaspace       used 4111K, committed 4288K, reserved 1114112K
  class space    used 503K, committed 576K, reserved 1048576K
}
Event: 0.607 GC heap before
{Heap before GC invocations=2 (full 0):
 garbage-first heap   total 8192K, used 2005K [0x00000000a0e00000, 0x0000000100000000)
  region size 1024K, 2 young (2048K), 1 survivors (1024K)
 Metaspace       used 6133K, committed 6272K, reserved 1114112K
  class space    used 708K, committed 768K, reserved 1048576K
}
Event: 0.609 GC heap after
{Heap after GC invocations=3 (full 0):
 garbage-first heap   total 8192K, used 2394K [0x00000000a0e00000, 0x0000000100000000)
  region size 1024K, 1 young (1024K), 1 survivors (1024K)
 Metaspace       used 6133K, committed 6272K, reserved 1114112K
  class space    used 708K, committed 768K, reserved 1048576K
}
Event: 0.768 GC heap before
{Heap before GC invocations=3 (full 0):
 garbage-first heap   total 8192K, used 3418K [0x00000000a0e00000, 0x0000000100000000)
  region size 1024K, 2 young (2048K), 1 survivors (1024K)
 Metaspace       used 7607K, committed 7744K, reserved 1114112K
  class space    used 860K, committed 896K, reserved 1048576K
}
Event: 0.772 GC heap after
{Heap after GC invocations=4 (full 0):
 garbage-first heap   total 8192K, used 2769K [0x00000000a0e00000, 0x0000000100000000)
  region size 1024K, 1 young (1024K), 1 survivors (1024K)
 Metaspace       used 7607K, committed 7744K, reserved 1114112K
  class space    used 860K, committed 896K, reserved 1048576K
}
Event: 0.828 GC heap before
{Heap before GC invocations=4 (full 0):
 garbage-first heap   total 8192K, used 3793K [0x00000000a0e00000, 0x0000000100000000)
  region size 1024K, 2 young (2048K), 1 survivors (1024K)
 Metaspace       used 7739K, committed 7936K, reserved 1114112K
  class space    used 867K, committed 960K, reserved 1048576K
}
Event: 0.832 GC heap after
{Heap after GC invocations=5 (full 0):
 garbage-first heap   total 10240K, used 2983K [0x00000000a0e00000, 0x0000000100000000)
  region size 1024K, 1 young (1024K), 1 survivors (1024K)
 Metaspace       used 7739K, committed 7936K, reserved 1114112K
  class space    used 867K, committed 960K, reserved 1048576K
}
Event: 0.893 GC heap before
{Heap before GC invocations=5 (full 0):
 garbage-first heap   total 10240K, used 5031K [0x00000000a0e00000, 0x0000000100000000)
  region size 1024K, 3 young (3072K), 1 survivors (1024K)
 Metaspace       used 7804K, committed 8000K, reserved 1114112K
  class space    used 867K, committed 960K, reserved 1048576K
}
Event: 0.896 GC heap after
{Heap after GC invocations=6 (full 0):
 garbage-first heap   total 10240K, used 3426K [0x00000000a0e00000, 0x0000000100000000)
  region size 1024K, 1 young (1024K), 1 survivors (1024K)
 Metaspace       used 7804K, committed 8000K, reserved 1114112K
  class space    used 867K, committed 960K, reserved 1048576K
}

Deoptimization events (20 events):
Event: 0.228 Thread 0x0000024099ac7fb0 DEOPT PACKING pc=0x00000240aa69cba8 sp=0x000000fa089fe450
Event: 0.228 Thread 0x0000024099ac7fb0 DEOPT UNPACKING pc=0x00000240a2c123a3 sp=0x000000fa089fe3d8 mode 2
Event: 0.228 Thread 0x0000024099ac7fb0 Uncommon trap: trap_request=0xffffffc6 fr.pc=0x00000240aa69cba8 relative=0x0000000000000888
Event: 0.228 Thread 0x0000024099ac7fb0 Uncommon trap: reason=bimorphic_or_optimized_type_check action=maybe_recompile pc=0x00000240aa69cba8 method=java.util.HashMap.putVal(ILjava/lang/Object;Ljava/lang/Object;ZZ)Ljava/lang/Object; @ 56 c2
Event: 0.228 Thread 0x0000024099ac7fb0 DEOPT PACKING pc=0x00000240aa69cba8 sp=0x000000fa089fe450
Event: 0.228 Thread 0x0000024099ac7fb0 DEOPT UNPACKING pc=0x00000240a2c123a3 sp=0x000000fa089fe3d8 mode 2
Event: 0.228 Thread 0x0000024099ac7fb0 Uncommon trap: trap_request=0xffffffc6 fr.pc=0x00000240aa69cba8 relative=0x0000000000000888
Event: 0.228 Thread 0x0000024099ac7fb0 Uncommon trap: reason=bimorphic_or_optimized_type_check action=maybe_recompile pc=0x00000240aa69cba8 method=java.util.HashMap.putVal(ILjava/lang/Object;Ljava/lang/Object;ZZ)Ljava/lang/Object; @ 56 c2
Event: 0.228 Thread 0x0000024099ac7fb0 DEOPT PACKING pc=0x00000240aa69cba8 sp=0x000000fa089fe450
Event: 0.228 Thread 0x0000024099ac7fb0 DEOPT UNPACKING pc=0x00000240a2c123a3 sp=0x000000fa089fe3d8 mode 2
Event: 0.278 Thread 0x0000024099ac7fb0 DEOPT PACKING pc=0x00000240a3189567 sp=0x000000fa089f93a0
Event: 0.278 Thread 0x0000024099ac7fb0 DEOPT UNPACKING pc=0x00000240a2c12b43 sp=0x000000fa089f87c0 mode 0
Event: 0.693 Thread 0x0000024099ac7fb0 Uncommon trap: trap_request=0xffffff45 fr.pc=0x00000240aa6b8acc relative=0x000000000000048c
Event: 0.693 Thread 0x0000024099ac7fb0 Uncommon trap: reason=unstable_if action=reinterpret pc=0x00000240aa6b8acc method=java.lang.StringLatin1.replace([BCC)Ljava/lang/String; @ 19 c2
Event: 0.693 Thread 0x0000024099ac7fb0 DEOPT PACKING pc=0x00000240aa6b8acc sp=0x000000fa089fed50
Event: 0.693 Thread 0x0000024099ac7fb0 DEOPT UNPACKING pc=0x00000240a2c123a3 sp=0x000000fa089fecd0 mode 2
Event: 0.783 Thread 0x0000024099ac7fb0 Uncommon trap: trap_request=0xffffff45 fr.pc=0x00000240aa6c3a30 relative=0x0000000000000170
Event: 0.783 Thread 0x0000024099ac7fb0 Uncommon trap: reason=unstable_if action=reinterpret pc=0x00000240aa6c3a30 method=com.sun.tools.javac.parser.UnicodeReader.nextUnicodeInputCharacter()V @ 28 c2
Event: 0.783 Thread 0x0000024099ac7fb0 DEOPT PACKING pc=0x00000240aa6c3a30 sp=0x000000fa089fdeb0
Event: 0.783 Thread 0x0000024099ac7fb0 DEOPT UNPACKING pc=0x00000240a2c123a3 sp=0x000000fa089fdde0 mode 2

Classes loaded (20 events):
Event: 0.937 Loading class jdk/internal/jrtfs/JrtDirectoryStream
Event: 0.937 Loading class jdk/internal/jrtfs/JrtDirectoryStream done
Event: 0.937 Loading class jdk/internal/jimage/ImageReader$SharedImageReader$LocationVisitor
Event: 0.937 Loading class jdk/internal/jimage/ImageReader$SharedImageReader$LocationVisitor done
Event: 0.938 Loading class java/nio/ByteBufferAsIntBufferL
Event: 0.939 Loading class java/nio/ByteBufferAsIntBufferL done
Event: 0.943 Loading class java/util/stream/StreamSpliterators$WrappingSpliterator
Event: 0.943 Loading class java/util/stream/StreamSpliterators$AbstractWrappingSpliterator
Event: 0.943 Loading class java/util/stream/StreamSpliterators$AbstractWrappingSpliterator done
Event: 0.943 Loading class java/util/stream/StreamSpliterators$WrappingSpliterator done
Event: 0.944 Loading class jdk/internal/jrtfs/JrtDirectoryStream$1
Event: 0.944 Loading class jdk/internal/jrtfs/JrtDirectoryStream$1 done
Event: 0.944 Loading class java/util/stream/SpinedBuffer
Event: 0.944 Loading class java/util/stream/AbstractSpinedBuffer
Event: 0.944 Loading class java/util/stream/AbstractSpinedBuffer done
Event: 0.944 Loading class java/util/stream/SpinedBuffer done
Event: 0.945 Loading class java/util/stream/StreamSpliterators
Event: 0.945 Loading class java/util/stream/StreamSpliterators done
Event: 0.945 Loading class java/util/function/BooleanSupplier
Event: 0.945 Loading class java/util/function/BooleanSupplier done

Classes unloaded (0 events):
No events

Classes redefined (0 events):
No events

Internal exceptions (20 events):
Event: 0.224 Thread 0x0000024099ac7fb0 Exception <a 'java/lang/NoSuchMethodError'{0x00000000a14ebd58}: 'void java.lang.invoke.DirectMethodHandle$Holder.invokeSpecial(java.lang.Object, java.lang.Object, java.lang.Object)'> (0x00000000a14ebd58) 
thrown [s\open\src\hotspot\share\interpreter\linkResolver.cpp, line 759]
Event: 0.294 Thread 0x0000024099ac7fb0 Exception <a 'java/lang/NoSuchMethodError'{0x00000000a134d098}: 'java.lang.Object java.lang.invoke.DirectMethodHandle$Holder.invokeVirtual(java.lang.Object, java.lang.Object, java.lang.Object)'> (0x00000000a134d098) 
thrown [s\open\src\hotspot\share\interpreter\linkResolver.cpp, line 759]
Event: 0.299 Thread 0x0000024099ac7fb0 Exception <a 'java/lang/NoSuchMethodError'{0x00000000a1357c30}: 'int java.lang.invoke.DirectMethodHandle$Holder.invokeInterface(java.lang.Object, java.lang.Object)'> (0x00000000a1357c30) 
thrown [s\open\src\hotspot\share\interpreter\linkResolver.cpp, line 759]
Event: 0.331 Thread 0x0000024099ac7fb0 Exception <a 'sun/nio/fs/WindowsException'{0x00000000a139ec20}> (0x00000000a139ec20) 
thrown [s\open\src\hotspot\share\prims\jni.cpp, line 516]
Event: 0.331 Thread 0x0000024099ac7fb0 Exception <a 'sun/nio/fs/WindowsException'{0x00000000a139f588}> (0x00000000a139f588) 
thrown [s\open\src\hotspot\share\prims\jni.cpp, line 516]
Event: 0.332 Thread 0x0000024099ac7fb0 Exception <a 'sun/nio/fs/WindowsException'{0x00000000a13a03b0}> (0x00000000a13a03b0) 
thrown [s\open\src\hotspot\share\prims\jni.cpp, line 516]
Event: 0.332 Thread 0x0000024099ac7fb0 Exception <a 'sun/nio/fs/WindowsException'{0x00000000a13a07a0}> (0x00000000a13a07a0) 
thrown [s\open\src\hotspot\share\prims\jni.cpp, line 516]
Event: 0.353 Thread 0x0000024099ac7fb0 Exception <a 'java/lang/NoSuchMethodError'{0x00000000a13f1810}: 'int java.lang.invoke.DirectMethodHandle$Holder.invokeVirtual(java.lang.Object, java.lang.Object, java.lang.Object)'> (0x00000000a13f1810) 
thrown [s\open\src\hotspot\share\interpreter\linkResolver.cpp, line 759]
Event: 0.355 Thread 0x0000024099ac7fb0 Exception <a 'java/lang/NoSuchMethodError'{0x00000000a13f8088}: 'void java.lang.invoke.DirectMethodHandle$Holder.invokeInterface(java.lang.Object, java.lang.Object, java.lang.Object)'> (0x00000000a13f8088) 
thrown [s\open\src\hotspot\share\interpreter\linkResolver.cpp, line 759]
Event: 0.377 Thread 0x0000024099ac7fb0 Exception <a 'java/lang/NoSuchMethodError'{0x00000000a152c680}: 'java.lang.Object java.lang.invoke.DirectMethodHandle$Holder.invokeStaticInit(java.lang.Object)'> (0x00000000a152c680) 
thrown [s\open\src\hotspot\share\interpreter\linkResolver.cpp, line 759]
Event: 0.489 Thread 0x0000024099ac7fb0 Exception <a 'java/lang/NoSuchMethodError'{0x00000000a15124d0}: 'int java.lang.invoke.DirectMethodHandle$Holder.invokeStaticInit(java.lang.Object, java.lang.Object)'> (0x00000000a15124d0) 
thrown [s\open\src\hotspot\share\interpreter\linkResolver.cpp, line 759]
Event: 0.585 Thread 0x0000024099ac7fb0 Exception <a 'java/lang/NoSuchMethodError'{0x00000000a15ad690}: 'int java.lang.invoke.DirectMethodHandle$Holder.invokeVirtual(java.lang.Object, java.lang.Object)'> (0x00000000a15ad690) 
thrown [s\open\src\hotspot\share\interpreter\linkResolver.cpp, line 759]
Event: 0.593 Thread 0x0000024099ac7fb0 Exception <a 'java/lang/NoSuchMethodError'{0x00000000a15d6208}: 'java.lang.Object java.lang.invoke.DirectMethodHandle$Holder.newInvokeSpecial(java.lang.Object, java.lang.Object, java.lang.Object, java.lang.Object, java.lang.Object)'> (0x00000000a15d6208) 
thrown [s\open\src\hotspot\share\interpreter\linkResolver.cpp, line 759]
Event: 0.599 Thread 0x0000024099ac7fb0 Exception <a 'java/lang/NoSuchMethodError'{0x00000000a15e4e00}: 'java.lang.Object java.lang.invoke.DirectMethodHandle$Holder.newInvokeSpecial(java.lang.Object, java.lang.Object, java.lang.Object, java.lang.Object, java.lang.Object, java.lang.Object)'> (0x00000000a15e4e00) 
thrown [s\open\src\hotspot\share\interpreter\linkResolver.cpp, line 759]
Event: 0.647 Thread 0x0000024099ac7fb0 Exception <a 'sun/nio/fs/WindowsException'{0x00000000a1539a08}> (0x00000000a1539a08) 
thrown [s\open\src\hotspot\share\prims\jni.cpp, line 516]
Event: 0.647 Thread 0x0000024099ac7fb0 Exception <a 'sun/nio/fs/WindowsException'{0x00000000a1539c60}> (0x00000000a1539c60) 
thrown [s\open\src\hotspot\share\prims\jni.cpp, line 516]
Event: 0.934 Thread 0x0000024099ac7fb0 Exception <a 'sun/nio/fs/WindowsException'{0x00000000a166e018}> (0x00000000a166e018) 
thrown [s\open\src\hotspot\share\prims\jni.cpp, line 516]
Event: 0.934 Thread 0x0000024099ac7fb0 Exception <a 'sun/nio/fs/WindowsException'{0x00000000a166e428}> (0x00000000a166e428) 
thrown [s\open\src\hotspot\share\prims\jni.cpp, line 516]
Event: 0.935 Thread 0x0000024099ac7fb0 Exception <a 'sun/nio/fs/WindowsException'{0x00000000a166f1a0}> (0x00000000a166f1a0) 
thrown [s\open\src\hotspot\share\prims\jni.cpp, line 516]
Event: 0.935 Thread 0x0000024099ac7fb0 Exception <a 'sun/nio/fs/WindowsException'{0x00000000a166f5c0}> (0x00000000a166f5c0) 
thrown [s\open\src\hotspot\share\prims\jni.cpp, line 516]

VM Operations (20 events):
Event: 0.292 Executing VM operation: HandshakeAllThreads
Event: 0.292 Executing VM operation: HandshakeAllThreads done
Event: 0.306 Executing VM operation: HandshakeAllThreads
Event: 0.306 Executing VM operation: HandshakeAllThreads done
Event: 0.357 Executing VM operation: G1CollectForAllocation
Event: 0.364 Executing VM operation: G1CollectForAllocation done
Event: 0.475 Executing VM operation: G1CollectForAllocation
Event: 0.479 Executing VM operation: G1CollectForAllocation done
Event: 0.607 Executing VM operation: G1CollectForAllocation
Event: 0.609 Executing VM operation: G1CollectForAllocation done
Event: 0.768 Executing VM operation: G1CollectForAllocation
Event: 0.772 Executing VM operation: G1CollectForAllocation done
Event: 0.779 Executing VM operation: HandshakeAllThreads
Event: 0.779 Executing VM operation: HandshakeAllThreads done
Event: 0.828 Executing VM operation: G1CollectForAllocation
Event: 0.832 Executing VM operation: G1CollectForAllocation done
Event: 0.893 Executing VM operation: G1CollectForAllocation
Event: 0.896 Executing VM operation: G1CollectForAllocation done
Event: 0.939 Executing VM operation: HandshakeAllThreads
Event: 0.939 Executing VM operation: HandshakeAllThreads done

Events (20 events):
Event: 0.014 Loaded shared library C:\Program Files\Java\jdk-18.0.2.1\bin\java.dll
Event: 0.027 Loaded shared library C:\Program Files\Java\jdk-18.0.2.1\bin\jsvml.dll
Event: 0.027 Thread 0x0000024099ac7fb0 Thread added: 0x0000024099ac7fb0
Event: 0.031 Thread 0x0000024099b77830 Thread added: 0x0000024099b77830
Event: 0.031 Thread 0x00000240b88f5340 Thread added: 0x00000240b88f5340
Event: 0.053 Thread 0x00000240b8904cf0 Thread added: 0x00000240b8904cf0
Event: 0.053 Thread 0x00000240b89055a0 Thread added: 0x00000240b89055a0
Event: 0.053 Thread 0x00000240b8905e50 Thread added: 0x00000240b8905e50
Event: 0.054 Thread 0x00000240b8908710 Thread added: 0x00000240b8908710
Event: 0.054 Thread 0x00000240b890d300 Thread added: 0x00000240b890d300
Event: 0.054 Thread 0x00000240b89209a0 Thread added: 0x00000240b89209a0
Event: 0.054 Thread 0x00000240b8949a70 Thread added: 0x00000240b8949a70
Event: 0.089 Thread 0x00000240bcc6a710 Thread added: 0x00000240bcc6a710
Event: 0.122 Thread 0x00000240bccd3480 Thread added: 0x00000240bccd3480
Event: 0.128 Loaded shared library C:\Program Files\Java\jdk-18.0.2.1\bin\jimage.dll
Event: 0.250 Loaded shared library C:\Program Files\Java\jdk-18.0.2.1\bin\net.dll
Event: 0.254 Loaded shared library C:\Program Files\Java\jdk-18.0.2.1\bin\nio.dll
Event: 0.325 Loaded shared library C:\Program Files\Java\jdk-18.0.2.1\bin\zip.dll
Event: 0.783 Thread 0x00000240bd37a820 Thread added: 0x00000240bd37a820
Event: 0.872 Thread 0x00000240bd850050 Thread added: 0x00000240bd850050


Dynamic libraries:
0x00007ff6d51a0000 - 0x00007ff6d51a8000 	C:\Program Files\Java\jdk-18.0.2.1\bin\javac.exe
0x00007ff8aee90000 - 0x00007ff8af0a4000 	C:\WINDOWS\SYSTEM32\ntdll.dll
0x00007ff8ae170000 - 0x00007ff8ae232000 	C:\WINDOWS\System32\KERNEL32.DLL
0x00007ff8ac630000 - 0x00007ff8ac9cc000 	C:\WINDOWS\System32\KERNELBASE.dll
0x00007ff8ac490000 - 0x00007ff8ac5a1000 	C:\WINDOWS\System32\ucrtbase.dll
0x00007ff8a5a00000 - 0x00007ff8a5a1a000 	C:\Program Files\Java\jdk-18.0.2.1\bin\VCRUNTIME140.dll
0x00007ff894910000 - 0x00007ff894928000 	C:\Program Files\Java\jdk-18.0.2.1\bin\jli.dll
0x00007ff8aeda0000 - 0x00007ff8aee4e000 	C:\WINDOWS\System32\ADVAPI32.dll
0x00007ff8aecf0000 - 0x00007ff8aed97000 	C:\WINDOWS\System32\msvcrt.dll
0x00007ff8ae4b0000 - 0x00007ff8ae554000 	C:\WINDOWS\System32\sechost.dll
0x00007ff8aea60000 - 0x00007ff8aeb77000 	C:\WINDOWS\System32\RPCRT4.dll
0x00007ff8ad0f0000 - 0x00007ff8ad29b000 	C:\WINDOWS\System32\USER32.dll
0x00007ff8977f0000 - 0x00007ff897a7e000 	C:\WINDOWS\WinSxS\amd64_microsoft.windows.common-controls_6595b64144ccf1df_6.0.22621.608_none_a9444ca7c10bb01d\COMCTL32.dll
0x00007ff8acbb0000 - 0x00007ff8acbd6000 	C:\WINDOWS\System32\win32u.dll
0x00007ff8aea30000 - 0x00007ff8aea59000 	C:\WINDOWS\System32\GDI32.dll
0x00007ff8ac2d0000 - 0x00007ff8ac3e3000 	C:\WINDOWS\System32\gdi32full.dll
0x00007ff8ac3f0000 - 0x00007ff8ac48a000 	C:\WINDOWS\System32\msvcp_win.dll
0x00007ff8a5710000 - 0x00007ff8a571a000 	C:\WINDOWS\SYSTEM32\VERSION.dll
0x00007ff8aec50000 - 0x00007ff8aec81000 	C:\WINDOWS\System32\IMM32.DLL
0x00007ff8a5740000 - 0x00007ff8a574c000 	C:\Program Files\Java\jdk-18.0.2.1\bin\vcruntime140_1.dll
0x00007ff892d10000 - 0x00007ff892d9d000 	C:\Program Files\Java\jdk-18.0.2.1\bin\msvcp140.dll
0x00007ff879300000 - 0x00007ff879f11000 	C:\Program Files\Java\jdk-18.0.2.1\bin\server\jvm.dll
0x00007ff8aec30000 - 0x00007ff8aec38000 	C:\WINDOWS\System32\PSAPI.DLL
0x00007ff8a5a50000 - 0x00007ff8a5a59000 	C:\WINDOWS\SYSTEM32\WSOCK32.dll
0x00007ff8a4690000 - 0x00007ff8a46c4000 	C:\WINDOWS\SYSTEM32\WINMM.dll
0x00007ff8ad070000 - 0x00007ff8ad0e1000 	C:\WINDOWS\System32\WS2_32.dll
0x00007ff8ab320000 - 0x00007ff8ab338000 	C:\WINDOWS\SYSTEM32\kernel.appcore.dll
0x00007ff8a5720000 - 0x00007ff8a572a000 	C:\Program Files\Java\jdk-18.0.2.1\bin\jimage.dll
0x00007ff8a9df0000 - 0x00007ff8aa01e000 	C:\WINDOWS\SYSTEM32\DBGHELP.DLL
0x00007ff8adb50000 - 0x00007ff8aded9000 	C:\WINDOWS\System32\combase.dll
0x00007ff8acf90000 - 0x00007ff8ad067000 	C:\WINDOWS\System32\OLEAUT32.dll
0x00007ff8984b0000 - 0x00007ff8984e2000 	C:\WINDOWS\SYSTEM32\dbgcore.DLL
0x00007ff8ac5b0000 - 0x00007ff8ac62b000 	C:\WINDOWS\System32\bcryptPrimitives.dll
0x00007ff894850000 - 0x00007ff894875000 	C:\Program Files\Java\jdk-18.0.2.1\bin\java.dll
0x00007ff881920000 - 0x00007ff8819f6000 	C:\Program Files\Java\jdk-18.0.2.1\bin\jsvml.dll
0x00007ff8ad2a0000 - 0x00007ff8ada90000 	C:\WINDOWS\System32\SHELL32.dll
0x00007ff8aa2e0000 - 0x00007ff8aabad000 	C:\WINDOWS\SYSTEM32\windows.storage.dll
0x00007ff8aa1a0000 - 0x00007ff8aa2de000 	C:\WINDOWS\SYSTEM32\wintypes.dll
0x00007ff8adee0000 - 0x00007ff8adfd1000 	C:\WINDOWS\System32\SHCORE.dll
0x00007ff8adaf0000 - 0x00007ff8adb4e000 	C:\WINDOWS\System32\shlwapi.dll
0x00007ff8ac200000 - 0x00007ff8ac221000 	C:\WINDOWS\SYSTEM32\profapi.dll
0x00007ff89dbb0000 - 0x00007ff89dbc3000 	C:\Program Files\Java\jdk-18.0.2.1\bin\net.dll
0x00007ff8a5220000 - 0x00007ff8a5357000 	C:\WINDOWS\SYSTEM32\WINHTTP.dll
0x00007ff8ab790000 - 0x00007ff8ab7f9000 	C:\WINDOWS\system32\mswsock.dll
0x00007ff89d230000 - 0x00007ff89d246000 	C:\Program Files\Java\jdk-18.0.2.1\bin\nio.dll
0x00007ff894830000 - 0x00007ff894848000 	C:\Program Files\Java\jdk-18.0.2.1\bin\zip.dll

dbghelp: loaded successfully - version: 4.0.5 - missing functions: none
symbol engine: initialized successfully - sym options: 0x614 - pdb path: .;C:\Program Files\Java\jdk-18.0.2.1\bin;C:\WINDOWS\SYSTEM32;C:\WINDOWS\WinSxS\amd64_microsoft.windows.common-controls_6595b64144ccf1df_6.0.22621.608_none_a9444ca7c10bb01d;C:\Program Files\Java\jdk-18.0.2.1\bin\server

VM Arguments:
jvm_args: -Dapplication.home=C:\Program Files\Java\jdk-18.0.2.1 --add-modules=ALL-DEFAULT -Xms8m -Djdk.module.main=jdk.compiler 
java_command: jdk.compiler/com.sun.tools.javac.Main -d C:\Users\fellr\OneDrive\Documentos\Projeto git\ProjetoEducacional\Aplicativo Educacional 0.1\build\classes -classpath C:\Users\fellr\OneDrive\Documentos\Projeto git\ProjetoEducacional\Aplicativo Educacional 0.1\build\classes;C:\Users\fellr\Downloads\mysql-connector-j-8.0.31.jar -sourcepath C:\Users\fellr\OneDrive\Documentos\Projeto git\ProjetoEducacional\Aplicativo Educacional 0.1\build\empty -target 17 -encoding UTF-8 -g -processorpath C:\Users\fellr\Downloads\mysql-connector-j-8.0.31.jar;C:\Users\fellr\OneDrive\Documentos\Projeto git\ProjetoEducacional\Aplicativo Educacional 0.1\build\empty -s C:\Users\fellr\OneDrive\Documentos\Projeto git\ProjetoEducacional\Aplicativo Educacional 0.1\build\generated-sources\ap-source-output -source 17 C:\Users\fellr\OneDrive\Documentos\Projeto git\ProjetoEducacional\Aplicativo Educacional 0.1\src\banco\AcessoBDAluno.java C:\Users\fellr\OneDrive\Documentos\Projeto git\ProjetoEducacional\Aplicativo Educacional 0.1\src\banco\AcessoBDProfessor.java C:\Users\fellr\OneDrive\Documentos\Projeto git\ProjetoEducacional\Aplicativo Educacional 0.1\src\banco\Conexao.java C:\Users\fellr\OneDrive\Documentos\Projeto git\ProjetoEducacional\Aplicativo Educacional 0.1\src\banco\PessoaBD.java C:\Users\fellr\OneDrive\Documentos\Projeto git\ProjetoEducacional\Aplicativo Educacional 0.1\src\dados\LoginAluno.java C:\Users\fellr\OneDrive\Documentos\Projeto git\ProjetoEducacional\Aplicativo Educacional 0.1\src\dados\LoginProf.java C:\Users\fellr\OneDrive\Documentos\Projeto git\ProjetoEducacional\Aplicativo Educacional 0.1\src\dados\Pessoa.java C:\Users\fellr\OneDrive\Documentos\Projeto git\ProjetoEducacional\Aplicativo Educacional 0.1\src\jogos\PtCinco.java C:\Users\fellr\OneDrive\Documentos\Projeto git\ProjetoEducacional\Aplicativo Educacional 0.1\src\jogos\PtDez.java C:\Users\fellr\OneDrive\Documentos\Projeto git\ProjetoEducacional\Aplicativo Educacional 0.1\src\jogos\PtDois.java C:\Users\fellr\On
java_class_path (initial): <not set>
Launcher Type: SUN_STANDARD

[Global flags]
     intx CICompilerCount                          = 4                                         {product} {ergonomic}
     uint ConcGCThreads                            = 2                                         {product} {ergonomic}
     uint G1ConcRefinementThreads                  = 8                                         {product} {ergonomic}
   size_t G1HeapRegionSize                         = 1048576                                   {product} {ergonomic}
    uintx GCDrainStackTargetSize                   = 64                                        {product} {ergonomic}
   size_t InitialHeapSize                          = 8388608                                   {product} {command line}
   size_t MarkStackSize                            = 4194304                                   {product} {ergonomic}
   size_t MaxHeapSize                              = 1595932672                                {product} {ergonomic}
   size_t MaxNewSize                               = 957349888                                 {product} {ergonomic}
   size_t MinHeapDeltaBytes                        = 1048576                                   {product} {ergonomic}
   size_t MinHeapSize                              = 8388608                                   {product} {command line}
    uintx NonNMethodCodeHeapSize                   = 5839372                                {pd product} {ergonomic}
    uintx NonProfiledCodeHeapSize                  = 122909434                              {pd product} {ergonomic}
    uintx ProfiledCodeHeapSize                     = 122909434                              {pd product} {ergonomic}
    uintx ReservedCodeCacheSize                    = 251658240                              {pd product} {ergonomic}
     bool SegmentedCodeCache                       = true                                      {product} {ergonomic}
   size_t SoftMaxHeapSize                          = 1595932672                             {manageable} {ergonomic}
     bool UseCompressedClassPointers               = true                           {product lp64_product} {ergonomic}
     bool UseCompressedOops                        = true                           {product lp64_product} {ergonomic}
     bool UseG1GC                                  = true                                      {product} {ergonomic}
     bool UseLargePagesIndividualAllocation        = false                                  {pd product} {ergonomic}

Logging:
Log output configuration:
 #0: stdout all=warning uptime,level,tags foldmultilines=false
 #1: stderr all=off uptime,level,tags foldmultilines=false

Environment Variables:
PATH=C:\Program Files\Common Files\Oracle\Java\javapath;C:\Program Files (x86)\Common Files\Oracle\Java\javapath;C:\WINDOWS\system32;C:\WINDOWS;C:\WINDOWS\System32\Wbem;C:\WINDOWS\System32\WindowsPowerShell\v1.0\;C:\WINDOWS\System32\OpenSSH\;C:\Program Files\dotnet\;C:\Program Files\Git\cmd;C:\Users\fellr\AppData\Local\Microsoft\WindowsApps;;C:\Users\fellr\AppData\Local\Programs\Microsoft VS Code\bin
USERNAME=fellr
OS=Windows_NT
PROCESSOR_IDENTIFIER=AMD64 Family 23 Model 24 Stepping 1, AuthenticAMD



---------------  S Y S T E M  ---------------

OS:
 Windows 11 , 64 bit Build 22621 (10.0.22621.1485)
OS uptime: 0 days 5:37 hours

CPU: total 8 (initial active 8) (8 cores per cpu, 2 threads per core) family 23 model 24 stepping 1 microcode 0x0, cx8, cmov, fxsr, ht, mmx, 3dnowpref, sse, sse2, sse3, ssse3, sse4a, sse4.1, sse4.2, popcnt, lzcnt, tsc, tscinvbit, avx, avx2, aes, clmul, bmi1, bmi2, adx, sha, fma, vzeroupper, clflush, clflushopt

Memory: 4k page, system-wide physical 6081M (1224M free)
TotalPageFile size 6081M (AvailPageFile size 5M)
current process WorkingSet (physical memory assigned to process): 74M, peak: 74M
current process commit charge ("private bytes"): 114M, peak: 114M

vm_info: Java HotSpot(TM) 64-Bit Server VM (18.0.2.1+1-1) for windows-amd64 JRE (18.0.2.1+1-1), built on Aug 16 2022 01:46:33 by "mach5one" with MS VC++ 16.8 / 16.9 (VS2019)

END.
