#
# There is insufficient memory for the Java Runtime Environment to continue.
# Native memory allocation (malloc) failed to allocate 909584 bytes for Chunk::new
# Possible reasons:
#   The system is out of physical RAM or swap space
#   The process is running with CompressedOops enabled, and the Java Heap may be blocking the growth of the native heap
# Possible solutions:
#   Reduce memory load on the system
#   Increase physical memory or swap space
#   Check if swap backing store is full
#   Decrease Java heap size (-Xmx/-Xms)
#   Decrease number of Java threads
#   Decrease Java thread stack sizes (-Xss)
#   Set larger code cache with -XX:ReservedCodeCacheSize=
#   JVM is running with Unscaled Compressed Oops mode in which the Java heap is
#     placed in the first 4GB address space. The Java Heap base address is the
#     maximum limit for the native heap growth. Please use -XX:HeapBaseMinAddress
#     to set the Java Heap base and to place the Java Heap above 4GB virtual address.
# This output file may be truncated or incomplete.
#
#  Out of Memory Error (arena.cpp:184), pid=14476, tid=14700
#
# JRE version: Java(TM) SE Runtime Environment (18.0.2.1+1) (build 18.0.2.1+1-1)
# Java VM: Java HotSpot(TM) 64-Bit Server VM (18.0.2.1+1-1, mixed mode, sharing, tiered, compressed oops, compressed class ptrs, g1 gc, windows-amd64)
# No core dump will be written. Minidumps are not enabled by default on client versions of Windows
#

---------------  S U M M A R Y ------------

Command Line: -Dfile.encoding=UTF-8 --module-path=C:\Users\fellr\OneDrive\Documentos\Projeto git\ProjetoEducacional\Aplicativo Educacional 0.1\build\classes telas.Inicio

Host: AMD Ryzen 5 3500U with Radeon Vega Mobile Gfx  , 8 cores, 5G,  Windows 11 , 64 bit Build 22621 (10.0.22621.1485)
Time: Sat May 27 20:18:56 2023 Hora oficial do Brasil elapsed time: 9.668580 seconds (0d 0h 0m 9s)

---------------  T H R E A D  ---------------

Current thread (0x00000257a8bde310):  JavaThread "C2 CompilerThread0" daemon [_thread_in_native, id=14700, stack(0x000000eadae00000,0x000000eadaf00000)]


Current CompileTask:
C2:   9668 1914 %     4       sun.java2d.marlin.Renderer::_endRendering @ 256 (2480 bytes)

Stack: [0x000000eadae00000,0x000000eadaf00000]
Native frames: (J=compiled Java code, j=interpreted, Vv=VM code, C=native code)
V  [jvm.dll+0x6993aa]
V  [jvm.dll+0x7f46dd]
V  [jvm.dll+0x7f5fee]
V  [jvm.dll+0x7f66a3]
V  [jvm.dll+0x25cf1f]
V  [jvm.dll+0xb8c2f]
V  [jvm.dll+0xb8fa5]
V  [jvm.dll+0x3860cb]
V  [jvm.dll+0x1d2b72]
V  [jvm.dll+0x230259]
V  [jvm.dll+0x22f4d1]
V  [jvm.dll+0x1ba01c]
V  [jvm.dll+0x23ee0a]
V  [jvm.dll+0x23d0f5]
V  [jvm.dll+0x7a6dd1]
V  [jvm.dll+0x7a120a]
V  [jvm.dll+0x698255]
C  [ucrtbase.dll+0x29363]
C  [KERNEL32.DLL+0x1269d]
C  [ntdll.dll+0x5a9f8]


---------------  P R O C E S S  ---------------

Threads class SMR info:
_java_thread_list=0x00000257b2c8c8e0, length=18, elements={
0x00000257a8bbfc20, 0x00000257a8bc24e0, 0x00000257a8bd9d10, 0x00000257a8bda5c0,
0x00000257a8bdce80, 0x00000257a8bdd730, 0x00000257a8bde310, 0x00000257a8bdec00,
0x00000257a8be7500, 0x00000257ad057b80, 0x00000257ad132080, 0x00000257ad2aed10,
0x00000257ad2af7e0, 0x00000257ad2b20c0, 0x00000257ad36d010, 0x000002578bd0d3b0,
0x00000257ae07ee10, 0x00000257ae0c1570
}

Java Threads: ( => current thread )
  0x00000257a8bbfc20 JavaThread "Reference Handler" daemon [_thread_blocked, id=4856, stack(0x000000eada800000,0x000000eada900000)]
  0x00000257a8bc24e0 JavaThread "Finalizer" daemon [_thread_blocked, id=10976, stack(0x000000eada900000,0x000000eadaa00000)]
  0x00000257a8bd9d10 JavaThread "Signal Dispatcher" daemon [_thread_blocked, id=1800, stack(0x000000eadaa00000,0x000000eadab00000)]
  0x00000257a8bda5c0 JavaThread "Attach Listener" daemon [_thread_blocked, id=9892, stack(0x000000eadab00000,0x000000eadac00000)]
  0x00000257a8bdce80 JavaThread "Service Thread" daemon [_thread_blocked, id=9300, stack(0x000000eadac00000,0x000000eadad00000)]
  0x00000257a8bdd730 JavaThread "Monitor Deflation Thread" daemon [_thread_blocked, id=14816, stack(0x000000eadad00000,0x000000eadae00000)]
=>0x00000257a8bde310 JavaThread "C2 CompilerThread0" daemon [_thread_in_native, id=14700, stack(0x000000eadae00000,0x000000eadaf00000)]
  0x00000257a8bdec00 JavaThread "C1 CompilerThread0" daemon [_thread_blocked, id=5760, stack(0x000000eadaf00000,0x000000eadb000000)]
  0x00000257a8be7500 JavaThread "Sweeper thread" daemon [_thread_blocked, id=14716, stack(0x000000eadb000000,0x000000eadb100000)]
  0x00000257ad057b80 JavaThread "Common-Cleaner" daemon [_thread_blocked, id=4468, stack(0x000000eadb100000,0x000000eadb200000)]
  0x00000257ad132080 JavaThread "Notification Thread" daemon [_thread_blocked, id=5600, stack(0x000000eadb200000,0x000000eadb300000)]
  0x00000257ad2aed10 JavaThread "Java2D Disposer" daemon [_thread_blocked, id=7080, stack(0x000000eadb500000,0x000000eadb600000)]
  0x00000257ad2af7e0 JavaThread "AWT-Shutdown" [_thread_blocked, id=10092, stack(0x000000eadb600000,0x000000eadb700000)]
  0x00000257ad2b20c0 JavaThread "AWT-Windows" daemon [_thread_in_native, id=11648, stack(0x000000eadb700000,0x000000eadb800000)]
  0x00000257ad36d010 JavaThread "AWT-EventQueue-0" [_thread_blocked, id=11444, stack(0x000000eadb800000,0x000000eadb900000)]
  0x000002578bd0d3b0 JavaThread "DestroyJavaVM" [_thread_blocked, id=10272, stack(0x000000eada100000,0x000000eada200000)]
  0x00000257ae07ee10 JavaThread "TimerQueue" daemon [_thread_blocked, id=6988, stack(0x000000eadc200000,0x000000eadc300000)]
  0x00000257ae0c1570 JavaThread "D3D Screen Updater" daemon [_thread_blocked, id=12724, stack(0x000000eadc300000,0x000000eadc400000)]

Other Threads:
  0x000002578bd867a0 VMThread "VM Thread" [stack: 0x000000eada700000,0x000000eada800000] [id=13052]
  0x00000257ad175370 WatcherThread "VM Periodic Task Thread" [stack: 0x000000eadb300000,0x000000eadb400000] [id=7308]
  0x000002578bd5f1e0 WorkerThread "GC Thread#0" [stack: 0x000000eada200000,0x000000eada300000] [id=13288]
  0x000002578bd6bec0 ConcurrentGCThread "G1 Main Marker" [stack: 0x000000eada300000,0x000000eada400000] [id=8224]
  0x000002578bd6d570 WorkerThread "G1 Conc#0" [stack: 0x000000eada400000,0x000000eada500000] [id=7388]
  0x000002578bdb9690 ConcurrentGCThread "G1 Refine#0" [stack: 0x000000eada500000,0x000000eada600000] [id=2192]
  0x000002578bdbad60 ConcurrentGCThread "G1 Service" [stack: 0x000000eada600000,0x000000eada700000] [id=10044]

Threads with active compile tasks:
C2 CompilerThread0     9683 1914 %     4       sun.java2d.marlin.Renderer::_endRendering @ 256 (2480 bytes)

VM state: not at safepoint (normal execution)

VM Mutex/Monitor currently owned by a thread: None

Heap address: 0x00000000a0e00000, size: 1522 MB, Compressed Oops mode: 32-bit

CDS archive(s) mapped at: [0x0000000800000000-0x0000000800ba0000-0x0000000800ba0000), size 12189696, SharedBaseAddress: 0x0000000800000000, ArchiveRelocationMode: 0.
Compressed class space mapped at: 0x0000000800c00000-0x0000000840c00000, reserved size: 1073741824
Narrow klass base: 0x0000000800000000, Narrow klass shift: 0, Narrow klass range: 0x100000000

GC Precious Log:
 CardTable entry size: 512
 Card Set container configuration: InlinePtr #cards 5 size 8 Array Of Cards #cards 12 size 40 Howl #buckets 4 coarsen threshold 1843 Howl Bitmap #cards 512 size 80 coarsen threshold 460 Card regions per heap region 1 cards per card region 2048
 CPUs: 8 total, 8 available
 Memory: 6081M
 Large Page Support: Disabled
 NUMA Support: Disabled
 Compressed Oops: Enabled (32-bit)
 Heap Region Size: 1M
 Heap Min Capacity: 8M
 Heap Initial Capacity: 96M
 Heap Max Capacity: 1522M
 Pre-touch: Disabled
 Parallel Workers: 8
 Concurrent Workers: 2
 Concurrent Refinement Workers: 8
 Periodic GC: Disabled

Heap:
 garbage-first heap   total 98304K, used 11264K [0x00000000a0e00000, 0x0000000100000000)
  region size 1024K, 12 young (12288K), 0 survivors (0K)
 Metaspace       used 11555K, committed 11712K, reserved 1114112K
  class space    used 1370K, committed 1472K, reserved 1048576K

Heap Regions: E=young(eden), S=young(survivor), O=old, HS=humongous(starts), HC=humongous(continues), CS=collection set, F=free, OA=open archive, CA=closed archive, TAMS=top-at-mark-start (previous, next)
|   0|0x00000000a0e00000, 0x00000000a0e00000, 0x00000000a0f00000|  0%| F|  |TAMS 0x00000000a0e00000, 0x00000000a0e00000| Untracked 
|   1|0x00000000a0f00000, 0x00000000a0f00000, 0x00000000a1000000|  0%| F|  |TAMS 0x00000000a0f00000, 0x00000000a0f00000| Untracked 
|   2|0x00000000a1000000, 0x00000000a1000000, 0x00000000a1100000|  0%| F|  |TAMS 0x00000000a1000000, 0x00000000a1000000| Untracked 
|   3|0x00000000a1100000, 0x00000000a1100000, 0x00000000a1200000|  0%| F|  |TAMS 0x00000000a1100000, 0x00000000a1100000| Untracked 
|   4|0x00000000a1200000, 0x00000000a1200000, 0x00000000a1300000|  0%| F|  |TAMS 0x00000000a1200000, 0x00000000a1200000| Untracked 
|   5|0x00000000a1300000, 0x00000000a1300000, 0x00000000a1400000|  0%| F|  |TAMS 0x00000000a1300000, 0x00000000a1300000| Untracked 
|   6|0x00000000a1400000, 0x00000000a1400000, 0x00000000a1500000|  0%| F|  |TAMS 0x00000000a1400000, 0x00000000a1400000| Untracked 
|   7|0x00000000a1500000, 0x00000000a1500000, 0x00000000a1600000|  0%| F|  |TAMS 0x00000000a1500000, 0x00000000a1500000| Untracked 
|   8|0x00000000a1600000, 0x00000000a1600000, 0x00000000a1700000|  0%| F|  |TAMS 0x00000000a1600000, 0x00000000a1600000| Untracked 
|   9|0x00000000a1700000, 0x00000000a1700000, 0x00000000a1800000|  0%| F|  |TAMS 0x00000000a1700000, 0x00000000a1700000| Untracked 
|  10|0x00000000a1800000, 0x00000000a1800000, 0x00000000a1900000|  0%| F|  |TAMS 0x00000000a1800000, 0x00000000a1800000| Untracked 
|  11|0x00000000a1900000, 0x00000000a1900000, 0x00000000a1a00000|  0%| F|  |TAMS 0x00000000a1900000, 0x00000000a1900000| Untracked 
|  12|0x00000000a1a00000, 0x00000000a1a00000, 0x00000000a1b00000|  0%| F|  |TAMS 0x00000000a1a00000, 0x00000000a1a00000| Untracked 
|  13|0x00000000a1b00000, 0x00000000a1b00000, 0x00000000a1c00000|  0%| F|  |TAMS 0x00000000a1b00000, 0x00000000a1b00000| Untracked 
|  14|0x00000000a1c00000, 0x00000000a1c00000, 0x00000000a1d00000|  0%| F|  |TAMS 0x00000000a1c00000, 0x00000000a1c00000| Untracked 
|  15|0x00000000a1d00000, 0x00000000a1d00000, 0x00000000a1e00000|  0%| F|  |TAMS 0x00000000a1d00000, 0x00000000a1d00000| Untracked 
|  16|0x00000000a1e00000, 0x00000000a1e00000, 0x00000000a1f00000|  0%| F|  |TAMS 0x00000000a1e00000, 0x00000000a1e00000| Untracked 
|  17|0x00000000a1f00000, 0x00000000a1f00000, 0x00000000a2000000|  0%| F|  |TAMS 0x00000000a1f00000, 0x00000000a1f00000| Untracked 
|  18|0x00000000a2000000, 0x00000000a2000000, 0x00000000a2100000|  0%| F|  |TAMS 0x00000000a2000000, 0x00000000a2000000| Untracked 
|  19|0x00000000a2100000, 0x00000000a2100000, 0x00000000a2200000|  0%| F|  |TAMS 0x00000000a2100000, 0x00000000a2100000| Untracked 
|  20|0x00000000a2200000, 0x00000000a2200000, 0x00000000a2300000|  0%| F|  |TAMS 0x00000000a2200000, 0x00000000a2200000| Untracked 
|  21|0x00000000a2300000, 0x00000000a2300000, 0x00000000a2400000|  0%| F|  |TAMS 0x00000000a2300000, 0x00000000a2300000| Untracked 
|  22|0x00000000a2400000, 0x00000000a2400000, 0x00000000a2500000|  0%| F|  |TAMS 0x00000000a2400000, 0x00000000a2400000| Untracked 
|  23|0x00000000a2500000, 0x00000000a2500000, 0x00000000a2600000|  0%| F|  |TAMS 0x00000000a2500000, 0x00000000a2500000| Untracked 
|  24|0x00000000a2600000, 0x00000000a2600000, 0x00000000a2700000|  0%| F|  |TAMS 0x00000000a2600000, 0x00000000a2600000| Untracked 
|  25|0x00000000a2700000, 0x00000000a2700000, 0x00000000a2800000|  0%| F|  |TAMS 0x00000000a2700000, 0x00000000a2700000| Untracked 
|  26|0x00000000a2800000, 0x00000000a2800000, 0x00000000a2900000|  0%| F|  |TAMS 0x00000000a2800000, 0x00000000a2800000| Untracked 
|  27|0x00000000a2900000, 0x00000000a2900000, 0x00000000a2a00000|  0%| F|  |TAMS 0x00000000a2900000, 0x00000000a2900000| Untracked 
|  28|0x00000000a2a00000, 0x00000000a2a00000, 0x00000000a2b00000|  0%| F|  |TAMS 0x00000000a2a00000, 0x00000000a2a00000| Untracked 
|  29|0x00000000a2b00000, 0x00000000a2b00000, 0x00000000a2c00000|  0%| F|  |TAMS 0x00000000a2b00000, 0x00000000a2b00000| Untracked 
|  30|0x00000000a2c00000, 0x00000000a2c00000, 0x00000000a2d00000|  0%| F|  |TAMS 0x00000000a2c00000, 0x00000000a2c00000| Untracked 
|  31|0x00000000a2d00000, 0x00000000a2d00000, 0x00000000a2e00000|  0%| F|  |TAMS 0x00000000a2d00000, 0x00000000a2d00000| Untracked 
|  32|0x00000000a2e00000, 0x00000000a2e00000, 0x00000000a2f00000|  0%| F|  |TAMS 0x00000000a2e00000, 0x00000000a2e00000| Untracked 
|  33|0x00000000a2f00000, 0x00000000a2f00000, 0x00000000a3000000|  0%| F|  |TAMS 0x00000000a2f00000, 0x00000000a2f00000| Untracked 
|  34|0x00000000a3000000, 0x00000000a3000000, 0x00000000a3100000|  0%| F|  |TAMS 0x00000000a3000000, 0x00000000a3000000| Untracked 
|  35|0x00000000a3100000, 0x00000000a3100000, 0x00000000a3200000|  0%| F|  |TAMS 0x00000000a3100000, 0x00000000a3100000| Untracked 
|  36|0x00000000a3200000, 0x00000000a3200000, 0x00000000a3300000|  0%| F|  |TAMS 0x00000000a3200000, 0x00000000a3200000| Untracked 
|  37|0x00000000a3300000, 0x00000000a3300000, 0x00000000a3400000|  0%| F|  |TAMS 0x00000000a3300000, 0x00000000a3300000| Untracked 
|  38|0x00000000a3400000, 0x00000000a3400000, 0x00000000a3500000|  0%| F|  |TAMS 0x00000000a3400000, 0x00000000a3400000| Untracked 
|  39|0x00000000a3500000, 0x00000000a3500000, 0x00000000a3600000|  0%| F|  |TAMS 0x00000000a3500000, 0x00000000a3500000| Untracked 
|  40|0x00000000a3600000, 0x00000000a3600000, 0x00000000a3700000|  0%| F|  |TAMS 0x00000000a3600000, 0x00000000a3600000| Untracked 
|  41|0x00000000a3700000, 0x00000000a3700000, 0x00000000a3800000|  0%| F|  |TAMS 0x00000000a3700000, 0x00000000a3700000| Untracked 
|  42|0x00000000a3800000, 0x00000000a3800000, 0x00000000a3900000|  0%| F|  |TAMS 0x00000000a3800000, 0x00000000a3800000| Untracked 
|  43|0x00000000a3900000, 0x00000000a3900000, 0x00000000a3a00000|  0%| F|  |TAMS 0x00000000a3900000, 0x00000000a3900000| Untracked 
|  44|0x00000000a3a00000, 0x00000000a3a00000, 0x00000000a3b00000|  0%| F|  |TAMS 0x00000000a3a00000, 0x00000000a3a00000| Untracked 
|  45|0x00000000a3b00000, 0x00000000a3b00000, 0x00000000a3c00000|  0%| F|  |TAMS 0x00000000a3b00000, 0x00000000a3b00000| Untracked 
|  46|0x00000000a3c00000, 0x00000000a3c00000, 0x00000000a3d00000|  0%| F|  |TAMS 0x00000000a3c00000, 0x00000000a3c00000| Untracked 
|  47|0x00000000a3d00000, 0x00000000a3d00000, 0x00000000a3e00000|  0%| F|  |TAMS 0x00000000a3d00000, 0x00000000a3d00000| Untracked 
|  48|0x00000000a3e00000, 0x00000000a3e00000, 0x00000000a3f00000|  0%| F|  |TAMS 0x00000000a3e00000, 0x00000000a3e00000| Untracked 
|  49|0x00000000a3f00000, 0x00000000a3f00000, 0x00000000a4000000|  0%| F|  |TAMS 0x00000000a3f00000, 0x00000000a3f00000| Untracked 
|  50|0x00000000a4000000, 0x00000000a4000000, 0x00000000a4100000|  0%| F|  |TAMS 0x00000000a4000000, 0x00000000a4000000| Untracked 
|  51|0x00000000a4100000, 0x00000000a4100000, 0x00000000a4200000|  0%| F|  |TAMS 0x00000000a4100000, 0x00000000a4100000| Untracked 
|  52|0x00000000a4200000, 0x00000000a4200000, 0x00000000a4300000|  0%| F|  |TAMS 0x00000000a4200000, 0x00000000a4200000| Untracked 
|  53|0x00000000a4300000, 0x00000000a4300000, 0x00000000a4400000|  0%| F|  |TAMS 0x00000000a4300000, 0x00000000a4300000| Untracked 
|  54|0x00000000a4400000, 0x00000000a4400000, 0x00000000a4500000|  0%| F|  |TAMS 0x00000000a4400000, 0x00000000a4400000| Untracked 
|  55|0x00000000a4500000, 0x00000000a4500000, 0x00000000a4600000|  0%| F|  |TAMS 0x00000000a4500000, 0x00000000a4500000| Untracked 
|  56|0x00000000a4600000, 0x00000000a4600000, 0x00000000a4700000|  0%| F|  |TAMS 0x00000000a4600000, 0x00000000a4600000| Untracked 
|  57|0x00000000a4700000, 0x00000000a4700000, 0x00000000a4800000|  0%| F|  |TAMS 0x00000000a4700000, 0x00000000a4700000| Untracked 
|  58|0x00000000a4800000, 0x00000000a4800000, 0x00000000a4900000|  0%| F|  |TAMS 0x00000000a4800000, 0x00000000a4800000| Untracked 
|  59|0x00000000a4900000, 0x00000000a4900000, 0x00000000a4a00000|  0%| F|  |TAMS 0x00000000a4900000, 0x00000000a4900000| Untracked 
|  60|0x00000000a4a00000, 0x00000000a4a00000, 0x00000000a4b00000|  0%| F|  |TAMS 0x00000000a4a00000, 0x00000000a4a00000| Untracked 
|  61|0x00000000a4b00000, 0x00000000a4b00000, 0x00000000a4c00000|  0%| F|  |TAMS 0x00000000a4b00000, 0x00000000a4b00000| Untracked 
|  62|0x00000000a4c00000, 0x00000000a4c00000, 0x00000000a4d00000|  0%| F|  |TAMS 0x00000000a4c00000, 0x00000000a4c00000| Untracked 
|  63|0x00000000a4d00000, 0x00000000a4d00000, 0x00000000a4e00000|  0%| F|  |TAMS 0x00000000a4d00000, 0x00000000a4d00000| Untracked 
|  64|0x00000000a4e00000, 0x00000000a4e00000, 0x00000000a4f00000|  0%| F|  |TAMS 0x00000000a4e00000, 0x00000000a4e00000| Untracked 
|  65|0x00000000a4f00000, 0x00000000a4f00000, 0x00000000a5000000|  0%| F|  |TAMS 0x00000000a4f00000, 0x00000000a4f00000| Untracked 
|  66|0x00000000a5000000, 0x00000000a5000000, 0x00000000a5100000|  0%| F|  |TAMS 0x00000000a5000000, 0x00000000a5000000| Untracked 
|  67|0x00000000a5100000, 0x00000000a5100000, 0x00000000a5200000|  0%| F|  |TAMS 0x00000000a5100000, 0x00000000a5100000| Untracked 
|  68|0x00000000a5200000, 0x00000000a5200000, 0x00000000a5300000|  0%| F|  |TAMS 0x00000000a5200000, 0x00000000a5200000| Untracked 
|  69|0x00000000a5300000, 0x00000000a5300000, 0x00000000a5400000|  0%| F|  |TAMS 0x00000000a5300000, 0x00000000a5300000| Untracked 
|  70|0x00000000a5400000, 0x00000000a5400000, 0x00000000a5500000|  0%| F|  |TAMS 0x00000000a5400000, 0x00000000a5400000| Untracked 
|  71|0x00000000a5500000, 0x00000000a5500000, 0x00000000a5600000|  0%| F|  |TAMS 0x00000000a5500000, 0x00000000a5500000| Untracked 
|  72|0x00000000a5600000, 0x00000000a5600000, 0x00000000a5700000|  0%| F|  |TAMS 0x00000000a5600000, 0x00000000a5600000| Untracked 
|  73|0x00000000a5700000, 0x00000000a5700000, 0x00000000a5800000|  0%| F|  |TAMS 0x00000000a5700000, 0x00000000a5700000| Untracked 
|  74|0x00000000a5800000, 0x00000000a5800000, 0x00000000a5900000|  0%| F|  |TAMS 0x00000000a5800000, 0x00000000a5800000| Untracked 
|  75|0x00000000a5900000, 0x00000000a5900000, 0x00000000a5a00000|  0%| F|  |TAMS 0x00000000a5900000, 0x00000000a5900000| Untracked 
|  76|0x00000000a5a00000, 0x00000000a5a00000, 0x00000000a5b00000|  0%| F|  |TAMS 0x00000000a5a00000, 0x00000000a5a00000| Untracked 
|  77|0x00000000a5b00000, 0x00000000a5b00000, 0x00000000a5c00000|  0%| F|  |TAMS 0x00000000a5b00000, 0x00000000a5b00000| Untracked 
|  78|0x00000000a5c00000, 0x00000000a5c00000, 0x00000000a5d00000|  0%| F|  |TAMS 0x00000000a5c00000, 0x00000000a5c00000| Untracked 
|  79|0x00000000a5d00000, 0x00000000a5d00000, 0x00000000a5e00000|  0%| F|  |TAMS 0x00000000a5d00000, 0x00000000a5d00000| Untracked 
|  80|0x00000000a5e00000, 0x00000000a5e00000, 0x00000000a5f00000|  0%| F|  |TAMS 0x00000000a5e00000, 0x00000000a5e00000| Untracked 
|  81|0x00000000a5f00000, 0x00000000a5f00000, 0x00000000a6000000|  0%| F|  |TAMS 0x00000000a5f00000, 0x00000000a5f00000| Untracked 
|  82|0x00000000a6000000, 0x00000000a6000000, 0x00000000a6100000|  0%| F|  |TAMS 0x00000000a6000000, 0x00000000a6000000| Untracked 
|  83|0x00000000a6100000, 0x00000000a6100000, 0x00000000a6200000|  0%| F|  |TAMS 0x00000000a6100000, 0x00000000a6100000| Untracked 
|  84|0x00000000a6200000, 0x00000000a6300000, 0x00000000a6300000|100%| E|  |TAMS 0x00000000a6200000, 0x00000000a6200000| Complete 
|  85|0x00000000a6300000, 0x00000000a6400000, 0x00000000a6400000|100%| E|CS|TAMS 0x00000000a6300000, 0x00000000a6300000| Complete 
|  86|0x00000000a6400000, 0x00000000a6500000, 0x00000000a6500000|100%| E|CS|TAMS 0x00000000a6400000, 0x00000000a6400000| Complete 
|  87|0x00000000a6500000, 0x00000000a6600000, 0x00000000a6600000|100%| E|CS|TAMS 0x00000000a6500000, 0x00000000a6500000| Complete 
|  88|0x00000000a6600000, 0x00000000a6700000, 0x00000000a6700000|100%| E|CS|TAMS 0x00000000a6600000, 0x00000000a6600000| Complete 
|  89|0x00000000a6700000, 0x00000000a6800000, 0x00000000a6800000|100%| E|CS|TAMS 0x00000000a6700000, 0x00000000a6700000| Complete 
|  90|0x00000000a6800000, 0x00000000a6900000, 0x00000000a6900000|100%| E|CS|TAMS 0x00000000a6800000, 0x00000000a6800000| Complete 
|  91|0x00000000a6900000, 0x00000000a6a00000, 0x00000000a6a00000|100%| E|CS|TAMS 0x00000000a6900000, 0x00000000a6900000| Complete 
|  92|0x00000000a6a00000, 0x00000000a6b00000, 0x00000000a6b00000|100%| E|CS|TAMS 0x00000000a6a00000, 0x00000000a6a00000| Complete 
|  93|0x00000000a6b00000, 0x00000000a6c00000, 0x00000000a6c00000|100%| E|CS|TAMS 0x00000000a6b00000, 0x00000000a6b00000| Complete 
|  94|0x00000000a6c00000, 0x00000000a6d00000, 0x00000000a6d00000|100%| E|CS|TAMS 0x00000000a6c00000, 0x00000000a6c00000| Complete 
|  95|0x00000000a6d00000, 0x00000000a6e00000, 0x00000000a6e00000|100%| E|CS|TAMS 0x00000000a6d00000, 0x00000000a6d00000| Complete 

Card table byte_map: [0x00000257a2c70000,0x00000257a2f70000] _byte_map_base: 0x00000257a2769000

Marking Bits (Prev, Next): (CMBitMap*) 0x000002578bd5f5f0, (CMBitMap*) 0x000002578bd5f630
 Prev Bits: [0x00000257a3270000, 0x00000257a4a38000)
 Next Bits: [0x00000257a4a40000, 0x00000257a6208000)

Polling page: 0x0000025789cb0000

Metaspace:

Usage:
  Non-class:      9.95 MB used.
      Class:      1.34 MB used.
       Both:     11.28 MB used.

Virtual space:
  Non-class space:       64.00 MB reserved,      10.00 MB ( 16%) committed,  1 nodes.
      Class space:        1.00 GB reserved,       1.44 MB ( <1%) committed,  1 nodes.
             Both:        1.06 GB reserved,      11.44 MB (  1%) committed. 

Chunk freelists:
   Non-Class:  2.00 MB
       Class:  2.61 MB
        Both:  4.61 MB

MaxMetaspaceSize: unlimited
CompressedClassSpaceSize: 1.00 GB
Initial GC threshold: 21.00 MB
Current GC threshold: 21.00 MB
CDS: on
MetaspaceReclaimPolicy: balanced
 - commit_granule_bytes: 65536.
 - commit_granule_words: 8192.
 - virtual_space_node_default_size: 8388608.
 - enlarge_chunks_in_place: 1.
 - new_chunks_are_fully_committed: 0.
 - uncommit_free_chunks: 1.
 - use_allocation_guard: 0.


Internal statistics:

num_allocs_failed_limit: 0.
num_arena_births: 132.
num_arena_deaths: 0.
num_vsnodes_births: 2.
num_vsnodes_deaths: 0.
num_space_committed: 183.
num_space_uncommitted: 0.
num_chunks_returned_to_freelist: 0.
num_chunks_taken_from_freelist: 208.
num_chunk_merges: 0.
num_chunk_splits: 114.
num_chunks_enlarged: 50.
num_inconsistent_stats: 0.

CodeHeap 'non-profiled nmethods': size=120000Kb used=588Kb max_used=588Kb free=119412Kb
 bounds [0x000002579b110000, 0x000002579b380000, 0x00000257a2640000]
CodeHeap 'profiled nmethods': size=120000Kb used=3669Kb max_used=3669Kb free=116330Kb
 bounds [0x0000025793be0000, 0x0000025793f80000, 0x000002579b110000]
CodeHeap 'non-nmethods': size=5760Kb used=1333Kb max_used=1364Kb free=4426Kb
 bounds [0x0000025793640000, 0x00000257938b0000, 0x0000025793be0000]
 total_blobs=2585 nmethods=1922 adapters=574
 compilation: enabled
              stopped_count=0, restarted_count=0
 full_count=0

Compilation events (20 events):
Event: 9.613 Thread 0x00000257a8bde310 1914 %     4       sun.java2d.marlin.Renderer::_endRendering @ 256 (2480 bytes)
Event: 9.614 Thread 0x00000257a8bdec00 nmethod 1913 0x0000025793f6e810 code [0x0000025793f6e9e0, 0x0000025793f6ed58]
Event: 9.614 Thread 0x00000257a8bdec00 1912       3       java.awt.geom.Rectangle2D$Float::setRect (22 bytes)
Event: 9.614 Thread 0x00000257a8bdec00 nmethod 1912 0x0000025793f6ef10 code [0x0000025793f6f0a0, 0x0000025793f6f1b8]
Event: 9.614 Thread 0x00000257a8bdec00 1915   !   3       sun.java2d.SunGraphics2D::copyImage (107 bytes)
Event: 9.615 Thread 0x00000257a8bdec00 nmethod 1915 0x0000025793f6f290 code [0x0000025793f6f4c0, 0x0000025793f6fd88]
Event: 9.618 Thread 0x00000257a8bdec00 1916       1       javax.swing.text.AbstractDocument$BranchElement::getElementCount (5 bytes)
Event: 9.618 Thread 0x00000257a8bdec00 nmethod 1916 0x000002579b1a2d10 code [0x000002579b1a2ea0, 0x000002579b1a2f78]
Event: 9.620 Thread 0x00000257a8bdec00 1917   !   3       sun.java2d.SunGraphics2D::fill (64 bytes)
Event: 9.620 Thread 0x00000257a8bdec00 nmethod 1917 0x0000025793f70290 code [0x0000025793f704a0, 0x0000025793f70b68]
Event: 9.620 Thread 0x00000257a8bdec00 1918       3       sun.java2d.pipe.DrawImage::tryCopyOrScale (260 bytes)
Event: 9.622 Thread 0x00000257a8bdec00 nmethod 1918 0x0000025793f70f10 code [0x0000025793f71260, 0x0000025793f72378]
Event: 9.622 Thread 0x00000257a8bdec00 1919       3       sun.java2d.d3d.D3DDrawImage::renderImageXform (131 bytes)
Event: 9.623 Thread 0x00000257a8bdec00 nmethod 1919 0x0000025793f72810 code [0x0000025793f72a40, 0x0000025793f734d8]
Event: 9.623 Thread 0x00000257a8bdec00 1920       3       sun.java2d.loops.TransformBlit::getFromCache (49 bytes)
Event: 9.623 Thread 0x00000257a8bdec00 nmethod 1920 0x0000025793f73890 code [0x0000025793f73a80, 0x0000025793f73f88]
Event: 9.623 Thread 0x00000257a8bdec00 1921       3       sun.java2d.d3d.D3DRTTSurfaceToSurfaceTransform::Transform (48 bytes)
Event: 9.624 Thread 0x00000257a8bdec00 nmethod 1921 0x0000025793f74110 code [0x0000025793f742c0, 0x0000025793f744c8]
Event: 9.624 Thread 0x00000257a8bdec00 1922       3       javax.swing.plaf.nimbus.ImageScalingHelper::drawImage (53 bytes)
Event: 9.624 Thread 0x00000257a8bdec00 nmethod 1922 0x0000025793f74590 code [0x0000025793f74740, 0x0000025793f74a08]

GC Heap History (0 events):
No events

Deoptimization events (20 events):
Event: 4.731 Thread 0x00000257ad36d010 Uncommon trap: trap_request=0xffffff45 fr.pc=0x000002579b18623c relative=0x0000000000000d5c
Event: 4.731 Thread 0x00000257ad36d010 Uncommon trap: reason=unstable_if action=reinterpret pc=0x000002579b18623c method=sun.java2d.marlin.MarlinCache.copyAARowRLE_WithBlockFlags([I[IIII)V @ 307 c2
Event: 4.731 Thread 0x00000257ad36d010 DEOPT PACKING pc=0x000002579b18623c sp=0x000000eadb8fcb10
Event: 4.731 Thread 0x00000257ad36d010 DEOPT UNPACKING pc=0x00000257936923a3 sp=0x000000eadb8fca08 mode 2
Event: 6.786 Thread 0x00000257ad36d010 Uncommon trap: trap_request=0xffffffde fr.pc=0x000002579b1205a4 relative=0x00000000000001a4
Event: 6.786 Thread 0x00000257ad36d010 Uncommon trap: reason=class_check action=maybe_recompile pc=0x000002579b1205a4 method=java.lang.String.equals(Ljava/lang/Object;)Z @ 8 c2
Event: 6.786 Thread 0x00000257ad36d010 DEOPT PACKING pc=0x000002579b1205a4 sp=0x000000eadb8fe380
Event: 6.786 Thread 0x00000257ad36d010 DEOPT UNPACKING pc=0x00000257936923a3 sp=0x000000eadb8fe318 mode 2
Event: 6.786 Thread 0x00000257ad36d010 Uncommon trap: trap_request=0xffffffde fr.pc=0x000002579b1205a4 relative=0x00000000000001a4
Event: 6.786 Thread 0x00000257ad36d010 Uncommon trap: reason=class_check action=maybe_recompile pc=0x000002579b1205a4 method=java.lang.String.equals(Ljava/lang/Object;)Z @ 8 c2
Event: 6.786 Thread 0x00000257ad36d010 DEOPT PACKING pc=0x000002579b1205a4 sp=0x000000eadb8fe380
Event: 6.786 Thread 0x00000257ad36d010 DEOPT UNPACKING pc=0x00000257936923a3 sp=0x000000eadb8fe318 mode 2
Event: 7.115 Thread 0x00000257ad36d010 Uncommon trap: trap_request=0xffffffde fr.pc=0x000002579b1205a4 relative=0x00000000000001a4
Event: 7.115 Thread 0x00000257ad36d010 Uncommon trap: reason=class_check action=maybe_recompile pc=0x000002579b1205a4 method=java.lang.String.equals(Ljava/lang/Object;)Z @ 8 c2
Event: 7.115 Thread 0x00000257ad36d010 DEOPT PACKING pc=0x000002579b1205a4 sp=0x000000eadb8fe380
Event: 7.115 Thread 0x00000257ad36d010 DEOPT UNPACKING pc=0x00000257936923a3 sp=0x000000eadb8fe318 mode 2
Event: 7.115 Thread 0x00000257ad36d010 Uncommon trap: trap_request=0xffffffde fr.pc=0x000002579b1205a4 relative=0x00000000000001a4
Event: 7.115 Thread 0x00000257ad36d010 Uncommon trap: reason=class_check action=maybe_recompile pc=0x000002579b1205a4 method=java.lang.String.equals(Ljava/lang/Object;)Z @ 8 c2
Event: 7.115 Thread 0x00000257ad36d010 DEOPT PACKING pc=0x000002579b1205a4 sp=0x000000eadb8fe380
Event: 7.115 Thread 0x00000257ad36d010 DEOPT UNPACKING pc=0x00000257936923a3 sp=0x000000eadb8fe318 mode 2

Classes loaded (20 events):
Event: 6.784 Loading class sun/awt/DebugSettings
Event: 6.785 Loading class sun/awt/DebugSettings done
Event: 6.785 Loading class javax/swing/JComponent$KeyboardState
Event: 6.785 Loading class javax/swing/JComponent$KeyboardState done
Event: 6.785 Loading class javax/swing/JComponent$IntVector
Event: 6.785 Loading class javax/swing/JComponent$IntVector done
Event: 6.785 Loading class javax/swing/Popup$HeavyWeightWindow
Event: 6.785 Loading class sun/awt/ModalExclude
Event: 6.785 Loading class sun/awt/ModalExclude done
Event: 6.785 Loading class javax/swing/JWindow
Event: 6.786 Loading class javax/swing/JWindow done
Event: 6.786 Loading class javax/swing/Popup$HeavyWeightWindow done
Event: 6.786 Loading class javax/swing/JComponent$ActionStandin
Event: 6.786 Loading class javax/swing/JComponent$ActionStandin done
Event: 6.787 Loading class javax/swing/JLayer
Event: 6.787 Loading class javax/swing/JLayer done
Event: 6.788 Loading class javax/swing/event/CaretListener
Event: 6.788 Loading class javax/swing/event/CaretListener done
Event: 6.788 Loading class javax/swing/RepaintManager$3
Event: 6.788 Loading class javax/swing/RepaintManager$3 done

Classes unloaded (0 events):
No events

Classes redefined (0 events):
No events

Internal exceptions (20 events):
Event: 0.365 Thread 0x000002578bd0d3b0 Exception <a 'java/lang/ClassNotFoundException'{0x00000000a69f11c8}: ToggleButton> (0x00000000a69f11c8) 
thrown [s\open\src\hotspot\share\classfile\systemDictionary.cpp, line 255]
Event: 0.365 Thread 0x000002578bd0d3b0 Exception <a 'java/lang/ClassNotFoundException'{0x00000000a69f1600}: javax/swing/JToolBarSeparator> (0x00000000a69f1600) 
thrown [s\open\src\hotspot\share\classfile\systemDictionary.cpp, line 255]
Event: 0.365 Thread 0x000002578bd0d3b0 Exception <a 'java/lang/ClassNotFoundException'{0x00000000a69f1908}: ToolBarSeparator> (0x00000000a69f1908) 
thrown [s\open\src\hotspot\share\classfile\systemDictionary.cpp, line 255]
Event: 0.366 Thread 0x000002578bd0d3b0 Exception <a 'java/lang/ClassNotFoundException'{0x00000000a69f1e18}: ToolTip> (0x00000000a69f1e18) 
thrown [s\open\src\hotspot\share\classfile\systemDictionary.cpp, line 255]
Event: 0.366 Thread 0x000002578bd0d3b0 Exception <a 'java/lang/ClassNotFoundException'{0x00000000a69f2760}: Tree> (0x00000000a69f2760) 
thrown [s\open\src\hotspot\share\classfile\systemDictionary.cpp, line 255]
Event: 0.367 Thread 0x000002578bd0d3b0 Exception <a 'java/lang/ClassNotFoundException'{0x00000000a69f2c50}: Tree> (0x00000000a69f2c50) 
thrown [s\open\src\hotspot\share\classfile\systemDictionary.cpp, line 255]
Event: 0.367 Thread 0x000002578bd0d3b0 Exception <a 'java/lang/ClassNotFoundException'{0x00000000a69f2fb8}: javax/swing/JTreeCell> (0x00000000a69f2fb8) 
thrown [s\open\src\hotspot\share\classfile\systemDictionary.cpp, line 255]
Event: 0.367 Thread 0x000002578bd0d3b0 Exception <a 'java/lang/ClassNotFoundException'{0x00000000a69f32b8}: TreeCell> (0x00000000a69f32b8) 
thrown [s\open\src\hotspot\share\classfile\systemDictionary.cpp, line 255]
Event: 0.367 Thread 0x000002578bd0d3b0 Exception <a 'java/lang/ClassNotFoundException'{0x00000000a69f3a68}: RootPane> (0x00000000a69f3a68) 
thrown [s\open\src\hotspot\share\classfile\systemDictionary.cpp, line 255]
Event: 0.368 Thread 0x000002578bd0d3b0 Exception <a 'java/lang/ClassNotFoundException'{0x00000000a69f6870}: com/sun/swing/internal/plaf/metal/resources/spi/metalProvider> (0x00000000a69f6870) 
thrown [s\open\src\hotspot\share\classfile\systemDictionary.cpp, line 255]
Event: 0.369 Thread 0x000002578bd0d3b0 Exception <a 'java/lang/ClassNotFoundException'{0x00000000a69fa600}: com/sun/swing/internal/plaf/basic/resources/spi/basicProvider> (0x00000000a69fa600) 
thrown [s\open\src\hotspot\share\classfile\systemDictionary.cpp, line 255]
Event: 0.462 Thread 0x00000257ad36d010 Exception <a 'java/lang/ClassNotFoundException'{0x00000000a688c2a0}: com/sun/swing/internal/plaf/synth/resources/spi/synthProvider> (0x00000000a688c2a0) 
thrown [s\open\src\hotspot\share\classfile\systemDictionary.cpp, line 255]
Event: 0.480 Thread 0x00000257ad36d010 Exception <a 'java/lang/NoSuchMethodError'{0x00000000a68d02a0}: 'int java.lang.invoke.Invokers$Holder.invokeExact_MT(java.lang.Object, java.lang.Object)'> (0x00000000a68d02a0) 
thrown [s\open\src\hotspot\share\interpreter\linkResolver.cpp, line 759]
Event: 0.485 Thread 0x00000257ad36d010 Exception <a 'java/lang/NoSuchMethodError'{0x00000000a68d81b0}: 'java.lang.Object java.lang.invoke.DirectMethodHandle$Holder.newInvokeSpecial(java.lang.Object, java.lang.Object, int)'> (0x00000000a68d81b0) 
thrown [s\open\src\hotspot\share\interpreter\linkResolver.cpp, line 759]
Event: 0.486 Thread 0x00000257ad36d010 Exception <a 'java/lang/NoSuchMethodError'{0x00000000a68dd3e8}: 'int java.lang.invoke.DirectMethodHandle$Holder.invokeSpecial(java.lang.Object, java.lang.Object, java.lang.Object, int)'> (0x00000000a68dd3e8) 
thrown [s\open\src\hotspot\share\interpreter\linkResolver.cpp, line 759]
Event: 0.488 Thread 0x00000257ad36d010 Exception <a 'java/lang/NoSuchMethodError'{0x00000000a6703fb0}: 'java.lang.Object java.lang.invoke.DirectMethodHandle$Holder.invokeStatic(java.lang.Object, java.lang.Object, java.lang.Object, java.lang.Object, int)'> (0x00000000a6703fb0) 
thrown [s\open\src\hotspot\share\interpreter\linkResolver.cpp, line 759]
Event: 0.489 Thread 0x00000257ad36d010 Exception <a 'java/lang/NoSuchMethodError'{0x00000000a670ca40}: 'int java.lang.invoke.DirectMethodHandle$Holder.invokeSpecial(java.lang.Object, java.lang.Object, java.lang.Object)'> (0x00000000a670ca40) 
thrown [s\open\src\hotspot\share\interpreter\linkResolver.cpp, line 759]
Event: 0.508 Thread 0x00000257ad2b20c0 Exception <a 'java/lang/NoSuchMethodError'{0x00000000a6a0fa60}: 'void java.lang.invoke.DirectMethodHandle$Holder.invokeVirtual(java.lang.Object, java.lang.Object)'> (0x00000000a6a0fa60) 
thrown [s\open\src\hotspot\share\interpreter\linkResolver.cpp, line 759]
Event: 0.524 Thread 0x00000257ad36d010 Exception <a 'java/lang/NoSuchMethodError'{0x00000000a6753900}: 'void java.lang.invoke.DirectMethodHandle$Holder.invokeStaticInit(java.lang.Object)'> (0x00000000a6753900) 
thrown [s\open\src\hotspot\share\interpreter\linkResolver.cpp, line 759]
Event: 0.682 Thread 0x00000257ad36d010 Implicit null exception at 0x000002579b12fa0f to 0x000002579b12fa89

VM Operations (20 events):
Event: 1.260 Executing VM operation: HandshakeAllThreads
Event: 1.260 Executing VM operation: HandshakeAllThreads done
Event: 1.309 Executing VM operation: HandshakeAllThreads
Event: 1.309 Executing VM operation: HandshakeAllThreads done
Event: 1.313 Executing VM operation: HandshakeAllThreads
Event: 1.313 Executing VM operation: HandshakeAllThreads done
Event: 1.316 Executing VM operation: HandshakeAllThreads
Event: 1.316 Executing VM operation: HandshakeAllThreads done
Event: 2.318 Executing VM operation: Cleanup
Event: 2.318 Executing VM operation: Cleanup done
Event: 3.327 Executing VM operation: Cleanup
Event: 3.327 Executing VM operation: Cleanup done
Event: 5.338 Executing VM operation: Cleanup
Event: 5.338 Executing VM operation: Cleanup done
Event: 7.352 Executing VM operation: Cleanup
Event: 7.353 Executing VM operation: Cleanup done
Event: 8.355 Executing VM operation: Cleanup
Event: 8.355 Executing VM operation: Cleanup done
Event: 9.359 Executing VM operation: Cleanup
Event: 9.359 Executing VM operation: Cleanup done

Events (20 events):
Event: 0.100 Thread 0x00000257a8be7500 Thread added: 0x00000257a8be7500
Event: 0.124 Thread 0x00000257ad057b80 Thread added: 0x00000257ad057b80
Event: 0.136 Loaded shared library C:\Program Files\Java\jdk-18.0.2.1\bin\net.dll
Event: 0.138 Loaded shared library C:\Program Files\Java\jdk-18.0.2.1\bin\nio.dll
Event: 0.155 Thread 0x00000257ad132080 Thread added: 0x00000257ad132080
Event: 0.159 Thread 0x00000257ad152500 Thread added: 0x00000257ad152500
Event: 0.162 Loaded shared library C:\Program Files\Java\jdk-18.0.2.1\bin\zip.dll
Event: 0.175 Loaded shared library C:\Program Files\Java\jdk-18.0.2.1\bin\jimage.dll
Event: 0.193 Loaded shared library C:\Program Files\Java\jdk-18.0.2.1\bin\awt.dll
Event: 0.245 Thread 0x00000257ad2aed10 Thread added: 0x00000257ad2aed10
Event: 0.246 Thread 0x00000257ad2af7e0 Thread added: 0x00000257ad2af7e0
Event: 0.247 Thread 0x00000257ad2b20c0 Thread added: 0x00000257ad2b20c0
Event: 0.324 Loaded shared library C:\Program Files\Java\jdk-18.0.2.1\bin\freetype.dll
Event: 0.325 Loaded shared library C:\Program Files\Java\jdk-18.0.2.1\bin\fontmanager.dll
Event: 0.380 Thread 0x00000257ad36d010 Thread added: 0x00000257ad36d010
Event: 0.380 Thread 0x000002578bd0d3b0 Thread exited: 0x000002578bd0d3b0
Event: 0.380 Thread 0x000002578bd0d3b0 Thread added: 0x000002578bd0d3b0
Event: 1.013 Thread 0x00000257ae07ee10 Thread added: 0x00000257ae07ee10
Event: 1.255 Thread 0x00000257ae0c1570 Thread added: 0x00000257ae0c1570
Event: 1.460 Thread 0x00000257ad152500 Thread exited: 0x00000257ad152500


Dynamic libraries:
0x00007ff612250000 - 0x00007ff612260000 	C:\Program Files\Java\jdk-18.0.2.1\bin\java.exe
0x00007ff8aee90000 - 0x00007ff8af0a4000 	C:\WINDOWS\SYSTEM32\ntdll.dll
0x00007ff8ae170000 - 0x00007ff8ae232000 	C:\WINDOWS\System32\KERNEL32.DLL
0x00007ff8ac630000 - 0x00007ff8ac9cc000 	C:\WINDOWS\System32\KERNELBASE.dll
0x00007ff8ac490000 - 0x00007ff8ac5a1000 	C:\WINDOWS\System32\ucrtbase.dll
0x00007ff8a5a00000 - 0x00007ff8a5a1a000 	C:\Program Files\Java\jdk-18.0.2.1\bin\VCRUNTIME140.dll
0x00007ff894a80000 - 0x00007ff894a98000 	C:\Program Files\Java\jdk-18.0.2.1\bin\jli.dll
0x00007ff8aeda0000 - 0x00007ff8aee4e000 	C:\WINDOWS\System32\ADVAPI32.dll
0x00007ff8aecf0000 - 0x00007ff8aed97000 	C:\WINDOWS\System32\msvcrt.dll
0x00007ff8ae4b0000 - 0x00007ff8ae554000 	C:\WINDOWS\System32\sechost.dll
0x00007ff8aea60000 - 0x00007ff8aeb77000 	C:\WINDOWS\System32\RPCRT4.dll
0x00007ff8ad0f0000 - 0x00007ff8ad29b000 	C:\WINDOWS\System32\USER32.dll
0x00007ff8977f0000 - 0x00007ff897a7e000 	C:\WINDOWS\WinSxS\amd64_microsoft.windows.common-controls_6595b64144ccf1df_6.0.22621.608_none_a9444ca7c10bb01d\COMCTL32.dll
0x00007ff8acbb0000 - 0x00007ff8acbd6000 	C:\WINDOWS\System32\win32u.dll
0x00007ff8aea30000 - 0x00007ff8aea59000 	C:\WINDOWS\System32\GDI32.dll
0x00007ff8ac2d0000 - 0x00007ff8ac3e3000 	C:\WINDOWS\System32\gdi32full.dll
0x00007ff8ac3f0000 - 0x00007ff8ac48a000 	C:\WINDOWS\System32\msvcp_win.dll
0x00007ff8a5710000 - 0x00007ff8a571a000 	C:\WINDOWS\SYSTEM32\VERSION.dll
0x00007ff8aec50000 - 0x00007ff8aec81000 	C:\WINDOWS\System32\IMM32.DLL
0x00007ff8a5740000 - 0x00007ff8a574c000 	C:\Program Files\Java\jdk-18.0.2.1\bin\vcruntime140_1.dll
0x00007ff892d10000 - 0x00007ff892d9d000 	C:\Program Files\Java\jdk-18.0.2.1\bin\msvcp140.dll
0x00007ff879300000 - 0x00007ff879f11000 	C:\Program Files\Java\jdk-18.0.2.1\bin\server\jvm.dll
0x00007ff8aec30000 - 0x00007ff8aec38000 	C:\WINDOWS\System32\PSAPI.DLL
0x00007ff8a4690000 - 0x00007ff8a46c4000 	C:\WINDOWS\SYSTEM32\WINMM.dll
0x00007ff8a5a50000 - 0x00007ff8a5a59000 	C:\WINDOWS\SYSTEM32\WSOCK32.dll
0x00007ff8ad070000 - 0x00007ff8ad0e1000 	C:\WINDOWS\System32\WS2_32.dll
0x00007ff8ab320000 - 0x00007ff8ab338000 	C:\WINDOWS\SYSTEM32\kernel.appcore.dll
0x00007ff8a5720000 - 0x00007ff8a572a000 	C:\Program Files\Java\jdk-18.0.2.1\bin\jimage.dll
0x00007ff8a9df0000 - 0x00007ff8aa01e000 	C:\WINDOWS\SYSTEM32\DBGHELP.DLL
0x00007ff8adb50000 - 0x00007ff8aded9000 	C:\WINDOWS\System32\combase.dll
0x00007ff8acf90000 - 0x00007ff8ad067000 	C:\WINDOWS\System32\OLEAUT32.dll
0x00007ff8984b0000 - 0x00007ff8984e2000 	C:\WINDOWS\SYSTEM32\dbgcore.DLL
0x00007ff8ac5b0000 - 0x00007ff8ac62b000 	C:\WINDOWS\System32\bcryptPrimitives.dll
0x00007ff894850000 - 0x00007ff894875000 	C:\Program Files\Java\jdk-18.0.2.1\bin\java.dll
0x00007ff881920000 - 0x00007ff8819f6000 	C:\Program Files\Java\jdk-18.0.2.1\bin\jsvml.dll
0x00007ff8ad2a0000 - 0x00007ff8ada90000 	C:\WINDOWS\System32\SHELL32.dll
0x00007ff8aa2e0000 - 0x00007ff8aabad000 	C:\WINDOWS\SYSTEM32\windows.storage.dll
0x00007ff8aa1a0000 - 0x00007ff8aa2de000 	C:\WINDOWS\SYSTEM32\wintypes.dll
0x00007ff8adee0000 - 0x00007ff8adfd1000 	C:\WINDOWS\System32\SHCORE.dll
0x00007ff8adaf0000 - 0x00007ff8adb4e000 	C:\WINDOWS\System32\shlwapi.dll
0x00007ff8ac200000 - 0x00007ff8ac221000 	C:\WINDOWS\SYSTEM32\profapi.dll
0x00007ff89dbb0000 - 0x00007ff89dbc3000 	C:\Program Files\Java\jdk-18.0.2.1\bin\net.dll
0x00007ff8a5220000 - 0x00007ff8a5357000 	C:\WINDOWS\SYSTEM32\WINHTTP.dll
0x00007ff8ab790000 - 0x00007ff8ab7f9000 	C:\WINDOWS\system32\mswsock.dll
0x00007ff89d230000 - 0x00007ff89d246000 	C:\Program Files\Java\jdk-18.0.2.1\bin\nio.dll
0x00007ff894830000 - 0x00007ff894848000 	C:\Program Files\Java\jdk-18.0.2.1\bin\zip.dll
0x00007ff87d660000 - 0x00007ff87d7ef000 	C:\Program Files\Java\jdk-18.0.2.1\bin\awt.dll
0x00007ff8a8390000 - 0x00007ff8a8426000 	C:\WINDOWS\SYSTEM32\apphelp.dll
0x00007ff8a9620000 - 0x00007ff8a96cb000 	C:\WINDOWS\system32\uxtheme.dll
0x00007ff8accb0000 - 0x00007ff8acdce000 	C:\WINDOWS\System32\MSCTF.dll
0x00007ff8acdd0000 - 0x00007ff8acf6c000 	C:\WINDOWS\System32\ole32.dll
0x00007ff8a9a30000 - 0x00007ff8a9a5b000 	C:\WINDOWS\system32\DWMAPI.DLL
0x00007ff889770000 - 0x00007ff8897f6000 	C:\Program Files\Java\jdk-18.0.2.1\bin\freetype.dll
0x00007ff880290000 - 0x00007ff880338000 	C:\Program Files\Java\jdk-18.0.2.1\bin\fontmanager.dll
0x00007ff87ef90000 - 0x00007ff87f090000 	C:\WINDOWS\system32\opengl32.dll
0x00007ff894760000 - 0x00007ff89478d000 	C:\WINDOWS\SYSTEM32\GLU32.dll
0x00007ff8a9700000 - 0x00007ff8a9736000 	C:\WINDOWS\SYSTEM32\dxcore.dll
0x00007ff855d80000 - 0x00007ff855f29000 	C:\WINDOWS\system32\d3d9.dll
0x00007ff89e640000 - 0x00007ff89e81b000 	C:\WINDOWS\System32\DriverStore\FileRepository\u0364341.inf_amd64_c22b73fb0c3a32d3\B364190\aticfx64.dll
0x00007ff88cfe0000 - 0x00007ff88d013000 	C:\WINDOWS\System32\DriverStore\FileRepository\u0364341.inf_amd64_c22b73fb0c3a32d3\B364190\atiu9p64.dll
0x00007ff83d7e0000 - 0x00007ff83e476000 	C:\WINDOWS\System32\DriverStore\FileRepository\u0364341.inf_amd64_c22b73fb0c3a32d3\B364190\atiumd64.dll
0x000000005a3d0000 - 0x000000005b24d000 	C:\WINDOWS\System32\DriverStore\FileRepository\u0364341.inf_amd64_c22b73fb0c3a32d3\B364190\atiumd6a.dll
0x00007ff8abff0000 - 0x00007ff8ac03d000 	C:\WINDOWS\SYSTEM32\POWRPROF.dll
0x00007ff8abf20000 - 0x00007ff8abf33000 	C:\WINDOWS\SYSTEM32\UMPDC.dll
0x00007ff898ff0000 - 0x00007ff89901f000 	C:\WINDOWS\SYSTEM32\amdihk64.dll
0x00007ff8a4cd0000 - 0x00007ff8a4d18000 	C:\WINDOWS\SYSTEM32\directxdatabasehelper.dll
0x00007ff8aeb80000 - 0x00007ff8aec30000 	C:\WINDOWS\System32\clbcatq.dll
0x00007ff8a6b90000 - 0x00007ff8a6d40000 	C:\WINDOWS\SYSTEM32\WindowsCodecs.dll
0x00007ff88e740000 - 0x00007ff88e79e000 	C:\WINDOWS\system32\dataexchange.dll
0x00007ff8a8b00000 - 0x00007ff8a8d6a000 	C:\WINDOWS\system32\twinapi.appcore.dll
0x00007ff8a2ea0000 - 0x00007ff8a2fce000 	C:\WINDOWS\SYSTEM32\textinputframework.dll
0x00007ff8a7d70000 - 0x00007ff8a7ea3000 	C:\WINDOWS\SYSTEM32\CoreMessaging.dll
0x00007ff8a2720000 - 0x00007ff8a2a8c000 	C:\WINDOWS\SYSTEM32\CoreUIComponents.dll
0x00007ff8aba80000 - 0x00007ff8aba8c000 	C:\WINDOWS\SYSTEM32\CRYPTBASE.DLL

dbghelp: loaded successfully - version: 4.0.5 - missing functions: none
symbol engine: initialized successfully - sym options: 0x614 - pdb path: .;C:\Program Files\Java\jdk-18.0.2.1\bin;C:\WINDOWS\SYSTEM32;C:\WINDOWS\WinSxS\amd64_microsoft.windows.common-controls_6595b64144ccf1df_6.0.22621.608_none_a9444ca7c10bb01d;C:\Program Files\Java\jdk-18.0.2.1\bin\server;C:\WINDOWS\System32\DriverStore\FileRepository\u0364341.inf_amd64_c22b73fb0c3a32d3\B364190

VM Arguments:
jvm_args: -Dfile.encoding=UTF-8 --module-path=C:\Users\fellr\OneDrive\Documentos\Projeto git\ProjetoEducacional\Aplicativo Educacional 0.1\build\classes 
java_command: telas.Inicio
java_class_path (initial): C:\Users\fellr\Downloads\mysql-connector-j-8.0.31.jar;C:\Users\fellr\OneDrive\Documentos\Projeto git\ProjetoEducacional\Aplicativo Educacional 0.1\build\classes
Launcher Type: SUN_STANDARD

[Global flags]
     intx CICompilerCount                          = 4                                         {product} {ergonomic}
     uint ConcGCThreads                            = 2                                         {product} {ergonomic}
     uint G1ConcRefinementThreads                  = 8                                         {product} {ergonomic}
   size_t G1HeapRegionSize                         = 1048576                                   {product} {ergonomic}
    uintx GCDrainStackTargetSize                   = 64                                        {product} {ergonomic}
   size_t InitialHeapSize                          = 100663296                                 {product} {ergonomic}
   size_t MarkStackSize                            = 4194304                                   {product} {ergonomic}
   size_t MaxHeapSize                              = 1595932672                                {product} {ergonomic}
   size_t MaxNewSize                               = 957349888                                 {product} {ergonomic}
   size_t MinHeapDeltaBytes                        = 1048576                                   {product} {ergonomic}
   size_t MinHeapSize                              = 8388608                                   {product} {ergonomic}
    uintx NonNMethodCodeHeapSize                   = 5839372                                {pd product} {ergonomic}
    uintx NonProfiledCodeHeapSize                  = 122909434                              {pd product} {ergonomic}
    uintx ProfiledCodeHeapSize                     = 122909434                              {pd product} {ergonomic}
    uintx ReservedCodeCacheSize                    = 251658240                              {pd product} {ergonomic}
     bool SegmentedCodeCache                       = true                                      {product} {ergonomic}
   size_t SoftMaxHeapSize                          = 1595932672                             {manageable} {ergonomic}
     bool UseCompressedClassPointers               = true                           {product lp64_product} {ergonomic}
     bool UseCompressedOops                        = true                           {product lp64_product} {ergonomic}
     bool UseG1GC                                  = true                                      {product} {ergonomic}
     bool UseLargePagesIndividualAllocation        = false                                  {pd product} {ergonomic}

Logging:
Log output configuration:
 #0: stdout all=warning uptime,level,tags foldmultilines=false
 #1: stderr all=off uptime,level,tags foldmultilines=false

Environment Variables:
PATH=C:\Program Files\Common Files\Oracle\Java\javapath;C:\Program Files (x86)\Common Files\Oracle\Java\javapath;C:\WINDOWS\system32;C:\WINDOWS;C:\WINDOWS\System32\Wbem;C:\WINDOWS\System32\WindowsPowerShell\v1.0\;C:\WINDOWS\System32\OpenSSH\;C:\Program Files\dotnet\;C:\Program Files\Git\cmd;C:\Users\fellr\AppData\Local\Microsoft\WindowsApps;;C:\Users\fellr\AppData\Local\Programs\Microsoft VS Code\bin
USERNAME=fellr
OS=Windows_NT
PROCESSOR_IDENTIFIER=AMD64 Family 23 Model 24 Stepping 1, AuthenticAMD



---------------  S Y S T E M  ---------------

OS:
 Windows 11 , 64 bit Build 22621 (10.0.22621.1485)
OS uptime: 0 days 7:38 hours

CPU: total 8 (initial active 8) (8 cores per cpu, 2 threads per core) family 23 model 24 stepping 1 microcode 0x0, cx8, cmov, fxsr, ht, mmx, 3dnowpref, sse, sse2, sse3, ssse3, sse4a, sse4.1, sse4.2, popcnt, lzcnt, tsc, tscinvbit, avx, avx2, aes, clmul, bmi1, bmi2, adx, sha, fma, vzeroupper, clflush, clflushopt

Memory: 4k page, system-wide physical 6081M (1271M free)
TotalPageFile size 6081M (AvailPageFile size 5M)
current process WorkingSet (physical memory assigned to process): 111M, peak: 111M
current process commit charge ("private bytes"): 250M, peak: 251M

vm_info: Java HotSpot(TM) 64-Bit Server VM (18.0.2.1+1-1) for windows-amd64 JRE (18.0.2.1+1-1), built on Aug 16 2022 01:46:33 by "mach5one" with MS VC++ 16.8 / 16.9 (VS2019)

END.
