#
# There is insufficient memory for the Java Runtime Environment to continue.
# Native memory allocation (mmap) failed to map 100663296 bytes for G1 virtual space
# Possible reasons:
#   The system is out of physical RAM or swap space
#   The process is running with CompressedOops enabled, and the Java Heap may be blocking the growth of the native heap
# Possible solutions:
#   Reduce memory load on the system
#   Increase physical memory or swap space
#   Check if swap backing store is full
#   Decrease Java heap size (-Xmx/-Xms)
#   Decrease number of Java threads
#   Decrease Java thread stack sizes (-Xss)
#   Set larger code cache with -XX:ReservedCodeCacheSize=
#   JVM is running with Unscaled Compressed Oops mode in which the Java heap is
#     placed in the first 4GB address space. The Java Heap base address is the
#     maximum limit for the native heap growth. Please use -XX:HeapBaseMinAddress
#     to set the Java Heap base and to place the Java Heap above 4GB virtual address.
# This output file may be truncated or incomplete.
#
#  Out of Memory Error (os_windows.cpp:3530), pid=14588, tid=12296
#
# JRE version:  (18.0.2.1+1) (build )
# Java VM: Java HotSpot(TM) 64-Bit Server VM (18.0.2.1+1-1, mixed mode, sharing, tiered, compressed oops, compressed class ptrs, g1 gc, windows-amd64)
# No core dump will be written. Minidumps are not enabled by default on client versions of Windows
#

---------------  S U M M A R Y ------------

Command Line: -Dfile.encoding=UTF-8 --module-path=C:\Users\fellr\OneDrive\Documentos\Projeto git\ProjetoEducacional\Aplicativo Educacional 0.1\build\classes telas.Inicio

Host: AMD Ryzen 5 3500U with Radeon Vega Mobile Gfx  , 8 cores, 5G,  Windows 11 , 64 bit Build 22621 (10.0.22621.1485)
Time: Sat May 27 18:19:35 2023 Hora oficial do Brasil elapsed time: 0.069079 seconds (0d 0h 0m 0s)

---------------  T H R E A D  ---------------

Current thread (0x00000184c718a140):  JavaThread "Unknown thread" [_thread_in_vm, id=12296, stack(0x0000005746000000,0x0000005746100000)]

Stack: [0x0000005746000000,0x0000005746100000]
Native frames: (J=compiled Java code, j=interpreted, Vv=VM code, C=native code)
V  [jvm.dll+0x6993aa]
V  [jvm.dll+0x7f46dd]
V  [jvm.dll+0x7f5fee]
V  [jvm.dll+0x7f66a3]
V  [jvm.dll+0x25cf1f]
V  [jvm.dll+0x6962f9]
V  [jvm.dll+0x68ae2a]
V  [jvm.dll+0x32255b]
V  [jvm.dll+0x329f36]
V  [jvm.dll+0x37eade]
V  [jvm.dll+0x37ed0f]
V  [jvm.dll+0x2fa2da]
V  [jvm.dll+0x2fb33d]
V  [jvm.dll+0x7c3310]
V  [jvm.dll+0x38be61]
V  [jvm.dll+0x7a2023]
V  [jvm.dll+0x40dc3f]
V  [jvm.dll+0x40f611]
C  [jli.dll+0x526b]
C  [ucrtbase.dll+0x29363]
C  [KERNEL32.DLL+0x1269d]
C  [ntdll.dll+0x5a9f8]


---------------  P R O C E S S  ---------------

Threads class SMR info:
_java_thread_list=0x00007ff879dde550, length=0, elements={
}

Java Threads: ( => current thread )

Other Threads:
  0x00000184c71dc360 WorkerThread "GC Thread#0" [stack: 0x0000005746100000,0x0000005746200000] [id=14924]
  0x00000184c71e9230 ConcurrentGCThread "G1 Main Marker" [stack: 0x0000005746200000,0x0000005746300000] [id=8104]
  0x00000184c71e9c20 WorkerThread "G1 Conc#0" [stack: 0x0000005746300000,0x0000005746400000] [id=12224]

[error occurred during error reporting (printing all threads), id 0xc0000005, EXCEPTION_ACCESS_VIOLATION (0xc0000005) at pc=0x00007ff87960a877]

VM state: not at safepoint (not fully initialized)

VM Mutex/Monitor currently owned by a thread:  ([mutex/lock_event])
[0x00000184c7187190] Heap_lock - owner thread: 0x00000184c718a140

Heap address: 0x00000000a0e00000, size: 1522 MB, Compressed Oops mode: 32-bit

CDS archive(s) mapped at: [0x0000000000000000-0x0000000000000000-0x0000000000000000), size 0, SharedBaseAddress: 0x0000000800000000, ArchiveRelocationMode: 0.
Narrow klass base: 0x0000000000000000, Narrow klass shift: 0, Narrow klass range: 0x0

GC Precious Log:
 CardTable entry size: 512
 Card Set container configuration: InlinePtr #cards 5 size 8 Array Of Cards #cards 12 size 40 Howl #buckets 4 coarsen threshold 1843 Howl Bitmap #cards 512 size 80 coarsen threshold 460 Card regions per heap region 1 cards per card region 2048

Heap:
 garbage-first heap   total 0K, used 0K [0x00000000a0e00000, 0x0000000100000000)
  region size 1024K, 0 young (0K), 0 survivors (0K)

[error occurred during error reporting (printing heap information), id 0xc0000005, EXCEPTION_ACCESS_VIOLATION (0xc0000005) at pc=0x00007ff8799f1839]

GC Heap History (0 events):
No events

Deoptimization events (0 events):
No events

Classes loaded (0 events):
No events

Classes unloaded (0 events):
No events

Classes redefined (0 events):
No events

Internal exceptions (0 events):
No events

VM Operations (0 events):
No events

Events (1 events):
Event: 0.015 Loaded shared library C:\Program Files\Java\jdk-18.0.2.1\bin\java.dll


Dynamic libraries:
0x00007ff612250000 - 0x00007ff612260000 	C:\Program Files\Java\jdk-18.0.2.1\bin\java.exe
0x00007ff8aee90000 - 0x00007ff8af0a4000 	C:\WINDOWS\SYSTEM32\ntdll.dll
0x00007ff8ae170000 - 0x00007ff8ae232000 	C:\WINDOWS\System32\KERNEL32.DLL
0x00007ff8ac630000 - 0x00007ff8ac9cc000 	C:\WINDOWS\System32\KERNELBASE.dll
0x00007ff8ac490000 - 0x00007ff8ac5a1000 	C:\WINDOWS\System32\ucrtbase.dll
0x00007ff88d500000 - 0x00007ff88d518000 	C:\Program Files\Java\jdk-18.0.2.1\bin\jli.dll
0x00007ff8a5a00000 - 0x00007ff8a5a1a000 	C:\Program Files\Java\jdk-18.0.2.1\bin\VCRUNTIME140.dll
0x00007ff8aeda0000 - 0x00007ff8aee4e000 	C:\WINDOWS\System32\ADVAPI32.dll
0x00007ff8aecf0000 - 0x00007ff8aed97000 	C:\WINDOWS\System32\msvcrt.dll
0x00007ff8ae4b0000 - 0x00007ff8ae554000 	C:\WINDOWS\System32\sechost.dll
0x00007ff8aea60000 - 0x00007ff8aeb77000 	C:\WINDOWS\System32\RPCRT4.dll
0x00007ff8ad0f0000 - 0x00007ff8ad29b000 	C:\WINDOWS\System32\USER32.dll
0x00007ff8977f0000 - 0x00007ff897a7e000 	C:\WINDOWS\WinSxS\amd64_microsoft.windows.common-controls_6595b64144ccf1df_6.0.22621.608_none_a9444ca7c10bb01d\COMCTL32.dll
0x00007ff8acbb0000 - 0x00007ff8acbd6000 	C:\WINDOWS\System32\win32u.dll
0x00007ff8aea30000 - 0x00007ff8aea59000 	C:\WINDOWS\System32\GDI32.dll
0x00007ff8ac2d0000 - 0x00007ff8ac3e3000 	C:\WINDOWS\System32\gdi32full.dll
0x00007ff8ac3f0000 - 0x00007ff8ac48a000 	C:\WINDOWS\System32\msvcp_win.dll
0x00007ff8a5710000 - 0x00007ff8a571a000 	C:\WINDOWS\SYSTEM32\VERSION.dll
0x00007ff8aec50000 - 0x00007ff8aec81000 	C:\WINDOWS\System32\IMM32.DLL
0x00007ff8a5740000 - 0x00007ff8a574c000 	C:\Program Files\Java\jdk-18.0.2.1\bin\vcruntime140_1.dll
0x00007ff892d10000 - 0x00007ff892d9d000 	C:\Program Files\Java\jdk-18.0.2.1\bin\msvcp140.dll
0x00007ff879300000 - 0x00007ff879f11000 	C:\Program Files\Java\jdk-18.0.2.1\bin\server\jvm.dll
0x00007ff8aec30000 - 0x00007ff8aec38000 	C:\WINDOWS\System32\PSAPI.DLL
0x00007ff8a5a50000 - 0x00007ff8a5a59000 	C:\WINDOWS\SYSTEM32\WSOCK32.dll
0x00007ff8a4690000 - 0x00007ff8a46c4000 	C:\WINDOWS\SYSTEM32\WINMM.dll
0x00007ff8ad070000 - 0x00007ff8ad0e1000 	C:\WINDOWS\System32\WS2_32.dll
0x00007ff8ab320000 - 0x00007ff8ab338000 	C:\WINDOWS\SYSTEM32\kernel.appcore.dll
0x00007ff8a5720000 - 0x00007ff8a572a000 	C:\Program Files\Java\jdk-18.0.2.1\bin\jimage.dll
0x00007ff8a9df0000 - 0x00007ff8aa01e000 	C:\WINDOWS\SYSTEM32\DBGHELP.DLL
0x00007ff8adb50000 - 0x00007ff8aded9000 	C:\WINDOWS\System32\combase.dll
0x00007ff8acf90000 - 0x00007ff8ad067000 	C:\WINDOWS\System32\OLEAUT32.dll
0x00007ff8984b0000 - 0x00007ff8984e2000 	C:\WINDOWS\SYSTEM32\dbgcore.DLL
0x00007ff8ac5b0000 - 0x00007ff8ac62b000 	C:\WINDOWS\System32\bcryptPrimitives.dll
0x00007ff894850000 - 0x00007ff894875000 	C:\Program Files\Java\jdk-18.0.2.1\bin\java.dll

dbghelp: loaded successfully - version: 4.0.5 - missing functions: none
symbol engine: initialized successfully - sym options: 0x614 - pdb path: .;C:\Program Files\Java\jdk-18.0.2.1\bin;C:\WINDOWS\SYSTEM32;C:\WINDOWS\WinSxS\amd64_microsoft.windows.common-controls_6595b64144ccf1df_6.0.22621.608_none_a9444ca7c10bb01d;C:\Program Files\Java\jdk-18.0.2.1\bin\server

VM Arguments:
jvm_args: -Dfile.encoding=UTF-8 --module-path=C:\Users\fellr\OneDrive\Documentos\Projeto git\ProjetoEducacional\Aplicativo Educacional 0.1\build\classes 
java_command: telas.Inicio
java_class_path (initial): C:\Users\fellr\Downloads\mysql-connector-j-8.0.31.jar;C:\Users\fellr\OneDrive\Documentos\Projeto git\ProjetoEducacional\Aplicativo Educacional 0.1\build\classes
Launcher Type: SUN_STANDARD

[Global flags]
     intx CICompilerCount                          = 4                                         {product} {ergonomic}
     uint ConcGCThreads                            = 2                                         {product} {ergonomic}
     uint G1ConcRefinementThreads                  = 8                                         {product} {ergonomic}
   size_t G1HeapRegionSize                         = 1048576                                   {product} {ergonomic}
    uintx GCDrainStackTargetSize                   = 64                                        {product} {ergonomic}
   size_t InitialHeapSize                          = 100663296                                 {product} {ergonomic}
   size_t MarkStackSize                            = 4194304                                   {product} {ergonomic}
   size_t MaxHeapSize                              = 1595932672                                {product} {ergonomic}
   size_t MinHeapDeltaBytes                        = 1048576                                   {product} {ergonomic}
   size_t MinHeapSize                              = 8388608                                   {product} {ergonomic}
    uintx NonNMethodCodeHeapSize                   = 5839372                                {pd product} {ergonomic}
    uintx NonProfiledCodeHeapSize                  = 122909434                              {pd product} {ergonomic}
    uintx ProfiledCodeHeapSize                     = 122909434                              {pd product} {ergonomic}
    uintx ReservedCodeCacheSize                    = 251658240                              {pd product} {ergonomic}
     bool SegmentedCodeCache                       = true                                      {product} {ergonomic}
   size_t SoftMaxHeapSize                          = 1595932672                             {manageable} {ergonomic}
     bool UseCompressedClassPointers               = true                           {product lp64_product} {ergonomic}
     bool UseCompressedOops                        = true                           {product lp64_product} {ergonomic}
     bool UseG1GC                                  = true                                      {product} {ergonomic}
     bool UseLargePagesIndividualAllocation        = false                                  {pd product} {ergonomic}

Logging:
Log output configuration:
 #0: stdout all=warning uptime,level,tags foldmultilines=false
 #1: stderr all=off uptime,level,tags foldmultilines=false

Environment Variables:
PATH=C:\Program Files\Common Files\Oracle\Java\javapath;C:\Program Files (x86)\Common Files\Oracle\Java\javapath;C:\WINDOWS\system32;C:\WINDOWS;C:\WINDOWS\System32\Wbem;C:\WINDOWS\System32\WindowsPowerShell\v1.0\;C:\WINDOWS\System32\OpenSSH\;C:\Program Files\dotnet\;C:\Program Files\Git\cmd;C:\Users\fellr\AppData\Local\Microsoft\WindowsApps;;C:\Users\fellr\AppData\Local\Programs\Microsoft VS Code\bin
USERNAME=fellr
OS=Windows_NT
PROCESSOR_IDENTIFIER=AMD64 Family 23 Model 24 Stepping 1, AuthenticAMD



---------------  S Y S T E M  ---------------

OS:
 Windows 11 , 64 bit Build 22621 (10.0.22621.1485)
OS uptime: 0 days 5:39 hours

CPU: total 8 (initial active 8) (8 cores per cpu, 2 threads per core) family 23 model 24 stepping 1 microcode 0x0, cx8, cmov, fxsr, ht, mmx, 3dnowpref, sse, sse2, sse3, ssse3, sse4a, sse4.1, sse4.2, popcnt, lzcnt, tsc, tscinvbit, avx, avx2, aes, clmul, bmi1, bmi2, adx, sha, fma, vzeroupper, clflush, clflushopt

Memory: 4k page, system-wide physical 6081M (1037M free)
TotalPageFile size 6081M (AvailPageFile size 70M)
current process WorkingSet (physical memory assigned to process): 11M, peak: 11M
current process commit charge ("private bytes"): 60M, peak: 156M

vm_info: Java HotSpot(TM) 64-Bit Server VM (18.0.2.1+1-1) for windows-amd64 JRE (18.0.2.1+1-1), built on Aug 16 2022 01:46:33 by "mach5one" with MS VC++ 16.8 / 16.9 (VS2019)

END.
